This is pdfTeX, Version 3.14159265-2.6-1.40.19 (TeX Live 2018) (preloaded format=pdflatex 2018.10.15)  22 DEC 2019 08:23
entering extended mode
 restricted \write18 enabled.
 file:line:error style messages enabled.
 %&-line parsing enabled.
**main.tex
(./main.tex
LaTeX2e <2018-04-01> patch level 2
Babel <3.18> and hyphenation patterns for 84 language(s) loaded.
(/usr/local/texlive/2018/texmf-dist/tex/latex/base/report.cls
Document Class: report 2014/09/29 v1.4h Standard LaTeX document class
(/usr/local/texlive/2018/texmf-dist/tex/latex/base/size12.clo
File: size12.clo 2014/09/29 v1.4h Standard LaTeX file (size option)
)
\c@part=\count80
\c@chapter=\count81
\c@section=\count82
\c@subsection=\count83
\c@subsubsection=\count84
\c@paragraph=\count85
\c@subparagraph=\count86
\c@figure=\count87
\c@table=\count88
\abovecaptionskip=\skip41
\belowcaptionskip=\skip42
\bibindent=\dimen102
)
(./include/settings/settings.tex (./include/frontmatter/KTHEEtitlepage.sty
Package: include/frontmatter/KTHEEtitlepage 2004/09/21 KTH EE titlepage package

File: here_the_logos 2004/09/21 KTH logo English, BW
File: here_the_logos 2004/09/21 KTH logo Swedish, BW
File: here_the_logos 2004/09/21 KTH logo Swedish, colour
File: here_the_logos 2004/09/21 KTH logo Swedish, colour

(/usr/local/texlive/2018/texmf-dist/tex/latex/graphics/graphicx.sty
Package: graphicx 2017/06/01 v1.1a Enhanced LaTeX Graphics (DPC,SPQR)

(/usr/local/texlive/2018/texmf-dist/tex/latex/graphics/keyval.sty
Package: keyval 2014/10/28 v1.15 key=value parser (DPC)
\KV@toks@=\toks14
)
(/usr/local/texlive/2018/texmf-dist/tex/latex/graphics/graphics.sty
Package: graphics 2017/06/25 v1.2c Standard LaTeX Graphics (DPC,SPQR)

(/usr/local/texlive/2018/texmf-dist/tex/latex/graphics/trig.sty
Package: trig 2016/01/03 v1.10 sin cos tan (DPC)
)
(/usr/local/texlive/2018/texmf-dist/tex/latex/graphics-cfg/graphics.cfg
File: graphics.cfg 2016/06/04 v1.11 sample graphics configuration
)
Package graphics Info: Driver file: pdftex.def on input line 99.

(/usr/local/texlive/2018/texmf-dist/tex/latex/graphics-def/pdftex.def
File: pdftex.def 2018/01/08 v1.0l Graphics/color driver for pdftex
))
\Gin@req@height=\dimen103
\Gin@req@width=\dimen104
)
(/usr/local/texlive/2018/texmf-dist/tex/latex/graphics/color.sty
Package: color 2016/07/10 v1.1e Standard LaTeX Color (DPC)

(/usr/local/texlive/2018/texmf-dist/tex/latex/graphics-cfg/color.cfg
File: color.cfg 2016/01/02 v1.6 sample color configuration
)
Package color Info: Driver file: pdftex.def on input line 147.
)
(/usr/local/texlive/2018/texmf-dist/tex/latex/tools/calc.sty
Package: calc 2017/05/25 v4.3 Infix arithmetic (KKT,FJ)
\calc@Acount=\count89
\calc@Bcount=\count90
\calc@Adimen=\dimen105
\calc@Bdimen=\dimen106
\calc@Askip=\skip43
\calc@Bskip=\skip44
LaTeX Info: Redefining \setlength on input line 80.
LaTeX Info: Redefining \addtolength on input line 81.
\calc@Ccount=\count91
\calc@Cskip=\skip45
)
\titlep@getextwidth=\skip46
\titlep@gewhitemargin=\skip47
\titlep@geleftmargin=\skip48
\titlep@gemarginsep=\skip49
\titlep@getextheight=\skip50
\titlep@getopmargin=\skip51
\tmpl@ngth=\skip52
)
(/usr/local/texlive/2018/texmf-dist/tex/latex/datetime/datetime.sty
Package: datetime 2015/03/20 v2.60 Date Time Package

(/usr/local/texlive/2018/texmf-dist/tex/latex/etoolbox/etoolbox.sty
Package: etoolbox 2018/02/11 v2.5e e-TeX tools for LaTeX (JAW)
\etb@tempcnta=\count92
)
(/usr/local/texlive/2018/texmf-dist/tex/latex/fmtcount/fmtcount.sty
Package: fmtcount 2017/12/24 v3.05

(/usr/local/texlive/2018/texmf-dist/tex/latex/base/ifthen.sty
Package: ifthen 2014/09/29 v1.1c Standard LaTeX ifthen package (DPC)
)
(/usr/local/texlive/2018/texmf-dist/tex/latex/xkeyval/xkeyval.sty
Package: xkeyval 2014/12/03 v2.7a package option processing (HA)

(/usr/local/texlive/2018/texmf-dist/tex/generic/xkeyval/xkeyval.tex
(/usr/local/texlive/2018/texmf-dist/tex/generic/xkeyval/xkvutils.tex
\XKV@toks=\toks15
\XKV@tempa@toks=\toks16
)
\XKV@depth=\count93
File: xkeyval.tex 2014/12/03 v2.7a key=value parser (HA)
))
(/usr/local/texlive/2018/texmf-dist/tex/latex/fmtcount/fcprefix.sty
Package: fcprefix 2012/09/28

(/usr/local/texlive/2018/texmf-dist/tex/latex/fmtcount/fcnumparser.sty
Package: fcnumparser 2017/06/15
\fc@digit@counter=\count94
))
(/usr/local/texlive/2018/texmf-dist/tex/latex/amsmath/amsgen.sty
File: amsgen.sty 1999/11/30 v2.0 generic functions
\@emptytoks=\toks17
\ex@=\dimen107
)
\c@padzeroesN=\count95
\fc@tmpcatcode=\count96
\@DT@modctr=\count97
\@ordinalctr=\count98
\@orgargctr=\count99
\@strctr=\count100
\@tmpstrctr=\count101
\@DT@loopN=\count102
\@DT@X=\count103
)
(/usr/local/texlive/2018/texmf-dist/tex/latex/datetime/datetime-defaults.sty
Package: datetime-defaults 2013/09/10
)
\@day=\count104
\@month=\count105
\@year=\count106
\c@HOUR=\count107
\c@HOURXII=\count108
\c@MINUTE=\count109
\c@TOHOUR=\count110
\c@TOMINUTE=\count111
\c@SECOND=\count112
\currenthour=\count113
\currentminute=\count114
\currentsecond=\count115
Package datetime Info: No datetime.cfg file found, using default settings on in
put line 308.
\@dtctr=\count116
\dayofyear=\count117
\dayofweek=\count118
LaTeX Info: Redefining \today on input line 736.
\dt@a=\toks18
\dt@b=\toks19
)
(/usr/local/texlive/2018/texmf-dist/tex/latex/moreverb/moreverb.sty
Package: moreverb 2008/06/03 v2.3a `more' verbatim facilities

(/usr/local/texlive/2018/texmf-dist/tex/latex/tools/verbatim.sty
Package: verbatim 2014/10/28 v1.5q LaTeX2e package for verbatim enhancements
\every@verbatim=\toks20
\verbatim@line=\toks21
\verbatim@in@stream=\read1
)
\tab@position=\count119
\tab@size=\count120
\listing@line=\count121
)
(/usr/local/texlive/2018/texmf-dist/tex/latex/base/textcomp.sty
Package: textcomp 2017/04/05 v2.0i Standard LaTeX package
Package textcomp Info: Sub-encoding information:
(textcomp)               5 = only ISO-Adobe without \textcurrency
(textcomp)               4 = 5 + \texteuro
(textcomp)               3 = 4 + \textohm
(textcomp)               2 = 3 + \textestimated + \textcurrency
(textcomp)               1 = TS1 - \textcircled - \t
(textcomp)               0 = TS1 (full)
(textcomp)             Font families with sub-encoding setting implement
(textcomp)             only a restricted character set as indicated.
(textcomp)             Family '?' is the default used for unknown fonts.
(textcomp)             See the documentation for details.
Package textcomp Info: Setting ? sub-encoding to TS1/1 on input line 79.

(/usr/local/texlive/2018/texmf-dist/tex/latex/base/ts1enc.def
File: ts1enc.def 2001/06/05 v3.0e (jk/car/fm) Standard LaTeX file
Now handling font encoding TS1 ...
... processing UTF-8 mapping file for font encoding TS1

(/usr/local/texlive/2018/texmf-dist/tex/latex/base/ts1enc.dfu
File: ts1enc.dfu 2018/04/05 v1.2c UTF-8 support for inputenc
   defining Unicode char U+00A2 (decimal 162)
   defining Unicode char U+00A3 (decimal 163)
   defining Unicode char U+00A4 (decimal 164)
   defining Unicode char U+00A5 (decimal 165)
   defining Unicode char U+00A6 (decimal 166)
   defining Unicode char U+00A7 (decimal 167)
   defining Unicode char U+00A8 (decimal 168)
   defining Unicode char U+00A9 (decimal 169)
   defining Unicode char U+00AA (decimal 170)
   defining Unicode char U+00AC (decimal 172)
   defining Unicode char U+00AE (decimal 174)
   defining Unicode char U+00AF (decimal 175)
   defining Unicode char U+00B0 (decimal 176)
   defining Unicode char U+00B1 (decimal 177)
   defining Unicode char U+00B2 (decimal 178)
   defining Unicode char U+00B3 (decimal 179)
   defining Unicode char U+00B4 (decimal 180)
   defining Unicode char U+00B5 (decimal 181)
   defining Unicode char U+00B6 (decimal 182)
   defining Unicode char U+00B7 (decimal 183)
   defining Unicode char U+00B9 (decimal 185)
   defining Unicode char U+00BA (decimal 186)
   defining Unicode char U+00BC (decimal 188)
   defining Unicode char U+00BD (decimal 189)
   defining Unicode char U+00BE (decimal 190)
   defining Unicode char U+00D7 (decimal 215)
   defining Unicode char U+00F7 (decimal 247)
   defining Unicode char U+0192 (decimal 402)
   defining Unicode char U+02C7 (decimal 711)
   defining Unicode char U+02D8 (decimal 728)
   defining Unicode char U+02DD (decimal 733)
   defining Unicode char U+0E3F (decimal 3647)
   defining Unicode char U+2016 (decimal 8214)
   defining Unicode char U+2020 (decimal 8224)
   defining Unicode char U+2021 (decimal 8225)
   defining Unicode char U+2022 (decimal 8226)
   defining Unicode char U+2030 (decimal 8240)
   defining Unicode char U+2031 (decimal 8241)
   defining Unicode char U+203B (decimal 8251)
   defining Unicode char U+203D (decimal 8253)
   defining Unicode char U+2044 (decimal 8260)
   defining Unicode char U+204E (decimal 8270)
   defining Unicode char U+2052 (decimal 8274)
   defining Unicode char U+20A1 (decimal 8353)
   defining Unicode char U+20A4 (decimal 8356)
   defining Unicode char U+20A6 (decimal 8358)
   defining Unicode char U+20A9 (decimal 8361)
   defining Unicode char U+20AB (decimal 8363)
   defining Unicode char U+20AC (decimal 8364)
   defining Unicode char U+20B1 (decimal 8369)
   defining Unicode char U+2103 (decimal 8451)
   defining Unicode char U+2116 (decimal 8470)
   defining Unicode char U+2117 (decimal 8471)
   defining Unicode char U+211E (decimal 8478)
   defining Unicode char U+2120 (decimal 8480)
   defining Unicode char U+2122 (decimal 8482)
   defining Unicode char U+2126 (decimal 8486)
   defining Unicode char U+2127 (decimal 8487)
   defining Unicode char U+212E (decimal 8494)
   defining Unicode char U+2190 (decimal 8592)
   defining Unicode char U+2191 (decimal 8593)
   defining Unicode char U+2192 (decimal 8594)
   defining Unicode char U+2193 (decimal 8595)
   defining Unicode char U+2329 (decimal 9001)
   defining Unicode char U+232A (decimal 9002)
   defining Unicode char U+2422 (decimal 9250)
   defining Unicode char U+25E6 (decimal 9702)
   defining Unicode char U+25EF (decimal 9711)
   defining Unicode char U+266A (decimal 9834)
   defining Unicode char U+FEFF (decimal 65279)
))
LaTeX Info: Redefining \oldstylenums on input line 334.
Package textcomp Info: Setting cmr sub-encoding to TS1/0 on input line 349.
Package textcomp Info: Setting cmss sub-encoding to TS1/0 on input line 350.
Package textcomp Info: Setting cmtt sub-encoding to TS1/0 on input line 351.
Package textcomp Info: Setting cmvtt sub-encoding to TS1/0 on input line 352.
Package textcomp Info: Setting cmbr sub-encoding to TS1/0 on input line 353.
Package textcomp Info: Setting cmtl sub-encoding to TS1/0 on input line 354.
Package textcomp Info: Setting ccr sub-encoding to TS1/0 on input line 355.
Package textcomp Info: Setting ptm sub-encoding to TS1/4 on input line 356.
Package textcomp Info: Setting pcr sub-encoding to TS1/4 on input line 357.
Package textcomp Info: Setting phv sub-encoding to TS1/4 on input line 358.
Package textcomp Info: Setting ppl sub-encoding to TS1/3 on input line 359.
Package textcomp Info: Setting pag sub-encoding to TS1/4 on input line 360.
Package textcomp Info: Setting pbk sub-encoding to TS1/4 on input line 361.
Package textcomp Info: Setting pnc sub-encoding to TS1/4 on input line 362.
Package textcomp Info: Setting pzc sub-encoding to TS1/4 on input line 363.
Package textcomp Info: Setting bch sub-encoding to TS1/4 on input line 364.
Package textcomp Info: Setting put sub-encoding to TS1/5 on input line 365.
Package textcomp Info: Setting uag sub-encoding to TS1/5 on input line 366.
Package textcomp Info: Setting ugq sub-encoding to TS1/5 on input line 367.
Package textcomp Info: Setting ul8 sub-encoding to TS1/4 on input line 368.
Package textcomp Info: Setting ul9 sub-encoding to TS1/4 on input line 369.
Package textcomp Info: Setting augie sub-encoding to TS1/5 on input line 370.
Package textcomp Info: Setting dayrom sub-encoding to TS1/3 on input line 371.
Package textcomp Info: Setting dayroms sub-encoding to TS1/3 on input line 372.

Package textcomp Info: Setting pxr sub-encoding to TS1/0 on input line 373.
Package textcomp Info: Setting pxss sub-encoding to TS1/0 on input line 374.
Package textcomp Info: Setting pxtt sub-encoding to TS1/0 on input line 375.
Package textcomp Info: Setting txr sub-encoding to TS1/0 on input line 376.
Package textcomp Info: Setting txss sub-encoding to TS1/0 on input line 377.
Package textcomp Info: Setting txtt sub-encoding to TS1/0 on input line 378.
Package textcomp Info: Setting lmr sub-encoding to TS1/0 on input line 379.
Package textcomp Info: Setting lmdh sub-encoding to TS1/0 on input line 380.
Package textcomp Info: Setting lmss sub-encoding to TS1/0 on input line 381.
Package textcomp Info: Setting lmssq sub-encoding to TS1/0 on input line 382.
Package textcomp Info: Setting lmvtt sub-encoding to TS1/0 on input line 383.
Package textcomp Info: Setting lmtt sub-encoding to TS1/0 on input line 384.
Package textcomp Info: Setting qhv sub-encoding to TS1/0 on input line 385.
Package textcomp Info: Setting qag sub-encoding to TS1/0 on input line 386.
Package textcomp Info: Setting qbk sub-encoding to TS1/0 on input line 387.
Package textcomp Info: Setting qcr sub-encoding to TS1/0 on input line 388.
Package textcomp Info: Setting qcs sub-encoding to TS1/0 on input line 389.
Package textcomp Info: Setting qpl sub-encoding to TS1/0 on input line 390.
Package textcomp Info: Setting qtm sub-encoding to TS1/0 on input line 391.
Package textcomp Info: Setting qzc sub-encoding to TS1/0 on input line 392.
Package textcomp Info: Setting qhvc sub-encoding to TS1/0 on input line 393.
Package textcomp Info: Setting futs sub-encoding to TS1/4 on input line 394.
Package textcomp Info: Setting futx sub-encoding to TS1/4 on input line 395.
Package textcomp Info: Setting futj sub-encoding to TS1/4 on input line 396.
Package textcomp Info: Setting hlh sub-encoding to TS1/3 on input line 397.
Package textcomp Info: Setting hls sub-encoding to TS1/3 on input line 398.
Package textcomp Info: Setting hlst sub-encoding to TS1/3 on input line 399.
Package textcomp Info: Setting hlct sub-encoding to TS1/5 on input line 400.
Package textcomp Info: Setting hlx sub-encoding to TS1/5 on input line 401.
Package textcomp Info: Setting hlce sub-encoding to TS1/5 on input line 402.
Package textcomp Info: Setting hlcn sub-encoding to TS1/5 on input line 403.
Package textcomp Info: Setting hlcw sub-encoding to TS1/5 on input line 404.
Package textcomp Info: Setting hlcf sub-encoding to TS1/5 on input line 405.
Package textcomp Info: Setting pplx sub-encoding to TS1/3 on input line 406.
Package textcomp Info: Setting pplj sub-encoding to TS1/3 on input line 407.
Package textcomp Info: Setting ptmx sub-encoding to TS1/4 on input line 408.
Package textcomp Info: Setting ptmj sub-encoding to TS1/4 on input line 409.
)
(/usr/local/texlive/2018/texmf-dist/tex/latex/lm/lmodern.sty
Package: lmodern 2009/10/30 v1.6 Latin Modern Fonts
LaTeX Font Info:    Overwriting symbol font `operators' in version `normal'
(Font)                  OT1/cmr/m/n --> OT1/lmr/m/n on input line 22.
LaTeX Font Info:    Overwriting symbol font `letters' in version `normal'
(Font)                  OML/cmm/m/it --> OML/lmm/m/it on input line 23.
LaTeX Font Info:    Overwriting symbol font `symbols' in version `normal'
(Font)                  OMS/cmsy/m/n --> OMS/lmsy/m/n on input line 24.
LaTeX Font Info:    Overwriting symbol font `largesymbols' in version `normal'
(Font)                  OMX/cmex/m/n --> OMX/lmex/m/n on input line 25.
LaTeX Font Info:    Overwriting symbol font `operators' in version `bold'
(Font)                  OT1/cmr/bx/n --> OT1/lmr/bx/n on input line 26.
LaTeX Font Info:    Overwriting symbol font `letters' in version `bold'
(Font)                  OML/cmm/b/it --> OML/lmm/b/it on input line 27.
LaTeX Font Info:    Overwriting symbol font `symbols' in version `bold'
(Font)                  OMS/cmsy/b/n --> OMS/lmsy/b/n on input line 28.
LaTeX Font Info:    Overwriting symbol font `largesymbols' in version `bold'
(Font)                  OMX/cmex/m/n --> OMX/lmex/m/n on input line 29.
LaTeX Font Info:    Overwriting math alphabet `\mathbf' in version `normal'
(Font)                  OT1/cmr/bx/n --> OT1/lmr/bx/n on input line 31.
LaTeX Font Info:    Overwriting math alphabet `\mathsf' in version `normal'
(Font)                  OT1/cmss/m/n --> OT1/lmss/m/n on input line 32.
LaTeX Font Info:    Overwriting math alphabet `\mathit' in version `normal'
(Font)                  OT1/cmr/m/it --> OT1/lmr/m/it on input line 33.
LaTeX Font Info:    Overwriting math alphabet `\mathtt' in version `normal'
(Font)                  OT1/cmtt/m/n --> OT1/lmtt/m/n on input line 34.
LaTeX Font Info:    Overwriting math alphabet `\mathbf' in version `bold'
(Font)                  OT1/cmr/bx/n --> OT1/lmr/bx/n on input line 35.
LaTeX Font Info:    Overwriting math alphabet `\mathsf' in version `bold'
(Font)                  OT1/cmss/bx/n --> OT1/lmss/bx/n on input line 36.
LaTeX Font Info:    Overwriting math alphabet `\mathit' in version `bold'
(Font)                  OT1/cmr/bx/it --> OT1/lmr/bx/it on input line 37.
LaTeX Font Info:    Overwriting math alphabet `\mathtt' in version `bold'
(Font)                  OT1/cmtt/m/n --> OT1/lmtt/m/n on input line 38.
)
(/usr/local/texlive/2018/texmf-dist/tex/latex/psnfss/helvet.sty
Package: helvet 2005/04/12 PSNFSS-v9.2a (WaS) 
)
(/usr/local/texlive/2018/texmf-dist/tex/latex/base/fontenc.sty
Package: fontenc 2017/04/05 v2.0i Standard LaTeX package

(/usr/local/texlive/2018/texmf-dist/tex/latex/base/t1enc.def
File: t1enc.def 2017/04/05 v2.0i Standard LaTeX file
LaTeX Font Info:    Redeclaring font encoding T1 on input line 48.
))
(/usr/local/texlive/2018/texmf-dist/tex/generic/babel/babel.sty
Package: babel 2018/02/14 3.18 The Babel package

(/usr/local/texlive/2018/texmf-dist/tex/generic/babel/switch.def
File: switch.def 2018/02/14 3.18 Babel switching mechanism
)
(/usr/local/texlive/2018/texmf-dist/tex/generic/babel-english/english.ldf
Language: english 2017/06/06 v3.3r English support from the babel system

(/usr/local/texlive/2018/texmf-dist/tex/generic/babel/babel.def
File: babel.def 2018/02/14 3.18 Babel common definitions
\babel@savecnt=\count122
\U@D=\dimen108

(/usr/local/texlive/2018/texmf-dist/tex/generic/babel/txtbabel.def)
\bbl@dirlevel=\count123
)
\l@canadian = a dialect from \language\l@american 
\l@australian = a dialect from \language\l@british 
\l@newzealand = a dialect from \language\l@british 
))
(/usr/local/texlive/2018/texmf-dist/tex/latex/base/inputenc.sty
Package: inputenc 2018/04/06 v1.3b Input encoding file
\inpenc@prehook=\toks22
\inpenc@posthook=\toks23
)
(/usr/local/texlive/2018/texmf-dist/tex/latex/tools/array.sty
Package: array 2018/04/07 v2.4g Tabular extension package (FMi)
\col@sep=\dimen109
\ar@mcellbox=\box26
\extrarowheight=\dimen110
\NC@list=\toks24
\extratabsurround=\skip53
\backup@length=\skip54
\ar@cellbox=\box27
)
(/usr/local/texlive/2018/texmf-dist/tex/latex/ms/ragged2e.sty
Package: ragged2e 2009/05/21 v2.1 ragged2e Package (MS)

(/usr/local/texlive/2018/texmf-dist/tex/latex/ms/everysel.sty
Package: everysel 2011/10/28 v1.2 EverySelectfont Package (MS)
)
\CenteringLeftskip=\skip55
\RaggedLeftLeftskip=\skip56
\RaggedRightLeftskip=\skip57
\CenteringRightskip=\skip58
\RaggedLeftRightskip=\skip59
\RaggedRightRightskip=\skip60
\CenteringParfillskip=\skip61
\RaggedLeftParfillskip=\skip62
\RaggedRightParfillskip=\skip63
\JustifyingParfillskip=\skip64
\CenteringParindent=\skip65
\RaggedLeftParindent=\skip66
\RaggedRightParindent=\skip67
\JustifyingParindent=\skip68
)
(/usr/local/texlive/2018/texmf-dist/tex/latex/amsmath/amsmath.sty
Package: amsmath 2017/09/02 v2.17a AMS math features
\@mathmargin=\skip69

For additional information on amsmath, use the `?' option.
(/usr/local/texlive/2018/texmf-dist/tex/latex/amsmath/amstext.sty
Package: amstext 2000/06/29 v2.01 AMS text
)
(/usr/local/texlive/2018/texmf-dist/tex/latex/amsmath/amsbsy.sty
Package: amsbsy 1999/11/29 v1.2d Bold Symbols
\pmbraise@=\dimen111
)
(/usr/local/texlive/2018/texmf-dist/tex/latex/amsmath/amsopn.sty
Package: amsopn 2016/03/08 v2.02 operator names
)
\inf@bad=\count124
LaTeX Info: Redefining \frac on input line 213.
\uproot@=\count125
\leftroot@=\count126
LaTeX Info: Redefining \overline on input line 375.
\classnum@=\count127
\DOTSCASE@=\count128
LaTeX Info: Redefining \ldots on input line 472.
LaTeX Info: Redefining \dots on input line 475.
LaTeX Info: Redefining \cdots on input line 596.
\Mathstrutbox@=\box28
\strutbox@=\box29
\big@size=\dimen112
LaTeX Font Info:    Redeclaring font encoding OML on input line 712.
LaTeX Font Info:    Redeclaring font encoding OMS on input line 713.
\macc@depth=\count129
\c@MaxMatrixCols=\count130
\dotsspace@=\muskip10
\c@parentequation=\count131
\dspbrk@lvl=\count132
\tag@help=\toks25
\row@=\count133
\column@=\count134
\maxfields@=\count135
\andhelp@=\toks26
\eqnshift@=\dimen113
\alignsep@=\dimen114
\tagshift@=\dimen115
\tagwidth@=\dimen116
\totwidth@=\dimen117
\lineht@=\dimen118
\@envbody=\toks27
\multlinegap=\skip70
\multlinetaggap=\skip71
\mathdisplay@stack=\toks28
LaTeX Info: Redefining \[ on input line 2817.
LaTeX Info: Redefining \] on input line 2818.
)
(/usr/local/texlive/2018/texmf-dist/tex/latex/amsfonts/amssymb.sty
Package: amssymb 2013/01/14 v3.01 AMS font symbols

(/usr/local/texlive/2018/texmf-dist/tex/latex/amsfonts/amsfonts.sty
Package: amsfonts 2013/01/14 v3.01 Basic AMSFonts support
\symAMSa=\mathgroup4
\symAMSb=\mathgroup5
LaTeX Font Info:    Overwriting math alphabet `\mathfrak' in version `bold'
(Font)                  U/euf/m/n --> U/euf/b/n on input line 106.
))
(/usr/local/texlive/2018/texmf-dist/tex/latex/subfig/subfig.sty
Package: subfig 2005/06/28 ver: 1.3 subfig package

(/usr/local/texlive/2018/texmf-dist/tex/latex/caption/caption.sty
Package: caption 2016/02/21 v3.3-144 Customizing captions (AR)

(/usr/local/texlive/2018/texmf-dist/tex/latex/caption/caption3.sty
Package: caption3 2016/05/22 v1.7-166 caption3 kernel (AR)
Package caption3 Info: TeX engine: e-TeX on input line 67.
\captionmargin=\dimen119
\captionmargin@=\dimen120
\captionwidth=\dimen121
\caption@tempdima=\dimen122
\caption@indent=\dimen123
\caption@parindent=\dimen124
\caption@hangindent=\dimen125
)
\c@ContinuedFloat=\count136
)
\c@KVtest=\count137
\sf@farskip=\skip72
\sf@captopadj=\dimen126
\sf@capskip=\skip73
\sf@nearskip=\skip74
\c@subfigure=\count138
\c@subfigure@save=\count139
\c@lofdepth=\count140
\c@subtable=\count141
\c@subtable@save=\count142
\c@lotdepth=\count143
\sf@top=\skip75
\sf@bottom=\skip76
)
(/usr/local/texlive/2018/texmf-dist/tex/latex/listings/listings.sty
\lst@mode=\count144
\lst@gtempboxa=\box30
\lst@token=\toks29
\lst@length=\count145
\lst@currlwidth=\dimen127
\lst@column=\count146
\lst@pos=\count147
\lst@lostspace=\dimen128
\lst@width=\dimen129
\lst@newlines=\count148
\lst@lineno=\count149
\lst@maxwidth=\dimen130

(/usr/local/texlive/2018/texmf-dist/tex/latex/listings/lstmisc.sty
File: lstmisc.sty 2015/06/04 1.6 (Carsten Heinz)
\c@lstnumber=\count150
\lst@skipnumbers=\count151
\lst@framebox=\box31
)
(/usr/local/texlive/2018/texmf-dist/tex/latex/listings/listings.cfg
File: listings.cfg 2015/06/04 1.6 listings configuration
))
Package: listings 2015/06/04 1.6 (Carsten Heinz)

(/usr/local/texlive/2018/texmf-dist/tex/generic/chemfig/chemfig.sty
(/usr/local/texlive/2018/texmf-dist/tex/latex/pgf/frontendlayer/tikz.sty
(/usr/local/texlive/2018/texmf-dist/tex/latex/pgf/basiclayer/pgf.sty
(/usr/local/texlive/2018/texmf-dist/tex/latex/pgf/utilities/pgfrcs.sty
(/usr/local/texlive/2018/texmf-dist/tex/generic/pgf/utilities/pgfutil-common.te
x
\pgfutil@everybye=\toks30
\pgfutil@tempdima=\dimen131
\pgfutil@tempdimb=\dimen132

(/usr/local/texlive/2018/texmf-dist/tex/generic/pgf/utilities/pgfutil-common-li
sts.tex))
(/usr/local/texlive/2018/texmf-dist/tex/generic/pgf/utilities/pgfutil-latex.def
\pgfutil@abb=\box32
(/usr/local/texlive/2018/texmf-dist/tex/latex/ms/everyshi.sty
Package: everyshi 2001/05/15 v3.00 EveryShipout Package (MS)
))
(/usr/local/texlive/2018/texmf-dist/tex/generic/pgf/utilities/pgfrcs.code.tex
Package: pgfrcs 2015/08/07 v3.0.1a (rcs-revision 1.31)
))
Package: pgf 2015/08/07 v3.0.1a (rcs-revision 1.15)
(/usr/local/texlive/2018/texmf-dist/tex/latex/pgf/basiclayer/pgfcore.sty
(/usr/local/texlive/2018/texmf-dist/tex/latex/pgf/systemlayer/pgfsys.sty
(/usr/local/texlive/2018/texmf-dist/tex/generic/pgf/systemlayer/pgfsys.code.tex
Package: pgfsys 2014/07/09 v3.0.1a (rcs-revision 1.48)
(/usr/local/texlive/2018/texmf-dist/tex/generic/pgf/utilities/pgfkeys.code.tex
\pgfkeys@pathtoks=\toks31
\pgfkeys@temptoks=\toks32

(/usr/local/texlive/2018/texmf-dist/tex/generic/pgf/utilities/pgfkeysfiltered.c
ode.tex
\pgfkeys@tmptoks=\toks33
))
\pgf@x=\dimen133
\pgf@y=\dimen134
\pgf@xa=\dimen135
\pgf@ya=\dimen136
\pgf@xb=\dimen137
\pgf@yb=\dimen138
\pgf@xc=\dimen139
\pgf@yc=\dimen140
\w@pgf@writea=\write3
\r@pgf@reada=\read2
\c@pgf@counta=\count152
\c@pgf@countb=\count153
\c@pgf@countc=\count154
\c@pgf@countd=\count155
\t@pgf@toka=\toks34
\t@pgf@tokb=\toks35
\t@pgf@tokc=\toks36

(/usr/local/texlive/2018/texmf-dist/tex/generic/pgf/systemlayer/pgf.cfg
File: pgf.cfg 2008/05/14  (rcs-revision 1.7)
)
Driver file for pgf: pgfsys-pdftex.def

(/usr/local/texlive/2018/texmf-dist/tex/generic/pgf/systemlayer/pgfsys-pdftex.d
ef
File: pgfsys-pdftex.def 2014/10/11  (rcs-revision 1.35)

(/usr/local/texlive/2018/texmf-dist/tex/generic/pgf/systemlayer/pgfsys-common-p
df.def
File: pgfsys-common-pdf.def 2013/10/10  (rcs-revision 1.13)
)))
(/usr/local/texlive/2018/texmf-dist/tex/generic/pgf/systemlayer/pgfsyssoftpath.
code.tex
File: pgfsyssoftpath.code.tex 2013/09/09  (rcs-revision 1.9)
\pgfsyssoftpath@smallbuffer@items=\count156
\pgfsyssoftpath@bigbuffer@items=\count157
)
(/usr/local/texlive/2018/texmf-dist/tex/generic/pgf/systemlayer/pgfsysprotocol.
code.tex
File: pgfsysprotocol.code.tex 2006/10/16  (rcs-revision 1.4)
)) (/usr/local/texlive/2018/texmf-dist/tex/latex/xcolor/xcolor.sty
Package: xcolor 2016/05/11 v2.12 LaTeX color extensions (UK)

(/usr/local/texlive/2018/texmf-dist/tex/latex/graphics-cfg/color.cfg
File: color.cfg 2016/01/02 v1.6 sample color configuration
)
Package xcolor Info: Driver file: pdftex.def on input line 225.
LaTeX Info: Redefining \color on input line 709.
Package xcolor Info: Model `cmy' substituted by `cmy0' on input line 1348.
Package xcolor Info: Model `hsb' substituted by `rgb' on input line 1352.
Package xcolor Info: Model `RGB' extended on input line 1364.
Package xcolor Info: Model `HTML' substituted by `rgb' on input line 1366.
Package xcolor Info: Model `Hsb' substituted by `hsb' on input line 1367.
Package xcolor Info: Model `tHsb' substituted by `hsb' on input line 1368.
Package xcolor Info: Model `HSB' substituted by `hsb' on input line 1369.
Package xcolor Info: Model `Gray' substituted by `gray' on input line 1370.
Package xcolor Info: Model `wave' substituted by `hsb' on input line 1371.
)
(/usr/local/texlive/2018/texmf-dist/tex/generic/pgf/basiclayer/pgfcore.code.tex
Package: pgfcore 2010/04/11 v3.0.1a (rcs-revision 1.7)
(/usr/local/texlive/2018/texmf-dist/tex/generic/pgf/math/pgfmath.code.tex
(/usr/local/texlive/2018/texmf-dist/tex/generic/pgf/math/pgfmathcalc.code.tex
(/usr/local/texlive/2018/texmf-dist/tex/generic/pgf/math/pgfmathutil.code.tex)
(/usr/local/texlive/2018/texmf-dist/tex/generic/pgf/math/pgfmathparser.code.tex
\pgfmath@dimen=\dimen141
\pgfmath@count=\count158
\pgfmath@box=\box33
\pgfmath@toks=\toks37
\pgfmath@stack@operand=\toks38
\pgfmath@stack@operation=\toks39
)
(/usr/local/texlive/2018/texmf-dist/tex/generic/pgf/math/pgfmathfunctions.code.
tex
(/usr/local/texlive/2018/texmf-dist/tex/generic/pgf/math/pgfmathfunctions.basic
.code.tex)
(/usr/local/texlive/2018/texmf-dist/tex/generic/pgf/math/pgfmathfunctions.trigo
nometric.code.tex)
(/usr/local/texlive/2018/texmf-dist/tex/generic/pgf/math/pgfmathfunctions.rando
m.code.tex)
(/usr/local/texlive/2018/texmf-dist/tex/generic/pgf/math/pgfmathfunctions.compa
rison.code.tex)
(/usr/local/texlive/2018/texmf-dist/tex/generic/pgf/math/pgfmathfunctions.base.
code.tex)
(/usr/local/texlive/2018/texmf-dist/tex/generic/pgf/math/pgfmathfunctions.round
.code.tex)
(/usr/local/texlive/2018/texmf-dist/tex/generic/pgf/math/pgfmathfunctions.misc.
code.tex)
(/usr/local/texlive/2018/texmf-dist/tex/generic/pgf/math/pgfmathfunctions.integ
erarithmetics.code.tex)))
(/usr/local/texlive/2018/texmf-dist/tex/generic/pgf/math/pgfmathfloat.code.tex
\c@pgfmathroundto@lastzeros=\count159
))
(/usr/local/texlive/2018/texmf-dist/tex/generic/pgf/basiclayer/pgfcorepoints.co
de.tex
File: pgfcorepoints.code.tex 2013/10/07  (rcs-revision 1.27)
\pgf@picminx=\dimen142
\pgf@picmaxx=\dimen143
\pgf@picminy=\dimen144
\pgf@picmaxy=\dimen145
\pgf@pathminx=\dimen146
\pgf@pathmaxx=\dimen147
\pgf@pathminy=\dimen148
\pgf@pathmaxy=\dimen149
\pgf@xx=\dimen150
\pgf@xy=\dimen151
\pgf@yx=\dimen152
\pgf@yy=\dimen153
\pgf@zx=\dimen154
\pgf@zy=\dimen155
)
(/usr/local/texlive/2018/texmf-dist/tex/generic/pgf/basiclayer/pgfcorepathconst
ruct.code.tex
File: pgfcorepathconstruct.code.tex 2013/10/07  (rcs-revision 1.29)
\pgf@path@lastx=\dimen156
\pgf@path@lasty=\dimen157
)
(/usr/local/texlive/2018/texmf-dist/tex/generic/pgf/basiclayer/pgfcorepathusage
.code.tex
File: pgfcorepathusage.code.tex 2014/11/02  (rcs-revision 1.24)
\pgf@shorten@end@additional=\dimen158
\pgf@shorten@start@additional=\dimen159
)
(/usr/local/texlive/2018/texmf-dist/tex/generic/pgf/basiclayer/pgfcorescopes.co
de.tex
File: pgfcorescopes.code.tex 2015/05/08  (rcs-revision 1.46)
\pgfpic=\box34
\pgf@hbox=\box35
\pgf@layerbox@main=\box36
\pgf@picture@serial@count=\count160
)
(/usr/local/texlive/2018/texmf-dist/tex/generic/pgf/basiclayer/pgfcoregraphicst
ate.code.tex
File: pgfcoregraphicstate.code.tex 2014/11/02  (rcs-revision 1.12)
\pgflinewidth=\dimen160
)
(/usr/local/texlive/2018/texmf-dist/tex/generic/pgf/basiclayer/pgfcoretransform
ations.code.tex
File: pgfcoretransformations.code.tex 2015/08/07  (rcs-revision 1.20)
\pgf@pt@x=\dimen161
\pgf@pt@y=\dimen162
\pgf@pt@temp=\dimen163
)
(/usr/local/texlive/2018/texmf-dist/tex/generic/pgf/basiclayer/pgfcorequick.cod
e.tex
File: pgfcorequick.code.tex 2008/10/09  (rcs-revision 1.3)
)
(/usr/local/texlive/2018/texmf-dist/tex/generic/pgf/basiclayer/pgfcoreobjects.c
ode.tex
File: pgfcoreobjects.code.tex 2006/10/11  (rcs-revision 1.2)
)
(/usr/local/texlive/2018/texmf-dist/tex/generic/pgf/basiclayer/pgfcorepathproce
ssing.code.tex
File: pgfcorepathprocessing.code.tex 2013/09/09  (rcs-revision 1.9)
)
(/usr/local/texlive/2018/texmf-dist/tex/generic/pgf/basiclayer/pgfcorearrows.co
de.tex
File: pgfcorearrows.code.tex 2015/05/14  (rcs-revision 1.43)
\pgfarrowsep=\dimen164
)
(/usr/local/texlive/2018/texmf-dist/tex/generic/pgf/basiclayer/pgfcoreshade.cod
e.tex
File: pgfcoreshade.code.tex 2013/07/15  (rcs-revision 1.15)
\pgf@max=\dimen165
\pgf@sys@shading@range@num=\count161
)
(/usr/local/texlive/2018/texmf-dist/tex/generic/pgf/basiclayer/pgfcoreimage.cod
e.tex
File: pgfcoreimage.code.tex 2013/07/15  (rcs-revision 1.18)

(/usr/local/texlive/2018/texmf-dist/tex/generic/pgf/basiclayer/pgfcoreexternal.
code.tex
File: pgfcoreexternal.code.tex 2014/07/09  (rcs-revision 1.21)
\pgfexternal@startupbox=\box37
))
(/usr/local/texlive/2018/texmf-dist/tex/generic/pgf/basiclayer/pgfcorelayers.co
de.tex
File: pgfcorelayers.code.tex 2013/07/18  (rcs-revision 1.7)
)
(/usr/local/texlive/2018/texmf-dist/tex/generic/pgf/basiclayer/pgfcoretranspare
ncy.code.tex
File: pgfcoretransparency.code.tex 2013/09/30  (rcs-revision 1.5)
)
(/usr/local/texlive/2018/texmf-dist/tex/generic/pgf/basiclayer/pgfcorepatterns.
code.tex
File: pgfcorepatterns.code.tex 2013/11/07  (rcs-revision 1.5)
)))
(/usr/local/texlive/2018/texmf-dist/tex/generic/pgf/modules/pgfmoduleshapes.cod
e.tex
File: pgfmoduleshapes.code.tex 2014/03/21  (rcs-revision 1.35)
\pgfnodeparttextbox=\box38
)
(/usr/local/texlive/2018/texmf-dist/tex/generic/pgf/modules/pgfmoduleplot.code.
tex
File: pgfmoduleplot.code.tex 2015/08/03  (rcs-revision 1.13)
)
(/usr/local/texlive/2018/texmf-dist/tex/latex/pgf/compatibility/pgfcomp-version
-0-65.sty
Package: pgfcomp-version-0-65 2007/07/03 v3.0.1a (rcs-revision 1.7)
\pgf@nodesepstart=\dimen166
\pgf@nodesepend=\dimen167
)
(/usr/local/texlive/2018/texmf-dist/tex/latex/pgf/compatibility/pgfcomp-version
-1-18.sty
Package: pgfcomp-version-1-18 2007/07/23 v3.0.1a (rcs-revision 1.1)
))
(/usr/local/texlive/2018/texmf-dist/tex/latex/pgf/utilities/pgffor.sty
(/usr/local/texlive/2018/texmf-dist/tex/latex/pgf/utilities/pgfkeys.sty
(/usr/local/texlive/2018/texmf-dist/tex/generic/pgf/utilities/pgfkeys.code.tex)
) (/usr/local/texlive/2018/texmf-dist/tex/latex/pgf/math/pgfmath.sty
(/usr/local/texlive/2018/texmf-dist/tex/generic/pgf/math/pgfmath.code.tex))
(/usr/local/texlive/2018/texmf-dist/tex/generic/pgf/utilities/pgffor.code.tex
Package: pgffor 2013/12/13 v3.0.1a (rcs-revision 1.25)

(/usr/local/texlive/2018/texmf-dist/tex/generic/pgf/math/pgfmath.code.tex)
\pgffor@iter=\dimen168
\pgffor@skip=\dimen169
\pgffor@stack=\toks40
\pgffor@toks=\toks41
))
(/usr/local/texlive/2018/texmf-dist/tex/generic/pgf/frontendlayer/tikz/tikz.cod
e.tex
Package: tikz 2015/08/07 v3.0.1a (rcs-revision 1.151)

(/usr/local/texlive/2018/texmf-dist/tex/generic/pgf/libraries/pgflibraryplothan
dlers.code.tex
File: pgflibraryplothandlers.code.tex 2013/08/31 v3.0.1a (rcs-revision 1.20)
\pgf@plot@mark@count=\count162
\pgfplotmarksize=\dimen170
)
\tikz@lastx=\dimen171
\tikz@lasty=\dimen172
\tikz@lastxsaved=\dimen173
\tikz@lastysaved=\dimen174
\tikzleveldistance=\dimen175
\tikzsiblingdistance=\dimen176
\tikz@figbox=\box39
\tikz@figbox@bg=\box40
\tikz@tempbox=\box41
\tikz@tempbox@bg=\box42
\tikztreelevel=\count163
\tikznumberofchildren=\count164
\tikznumberofcurrentchild=\count165
\tikz@fig@count=\count166

(/usr/local/texlive/2018/texmf-dist/tex/generic/pgf/modules/pgfmodulematrix.cod
e.tex
File: pgfmodulematrix.code.tex 2013/09/17  (rcs-revision 1.8)
\pgfmatrixcurrentrow=\count167
\pgfmatrixcurrentcolumn=\count168
\pgf@matrix@numberofcolumns=\count169
)
\tikz@expandcount=\count170

(/usr/local/texlive/2018/texmf-dist/tex/generic/pgf/frontendlayer/tikz/librarie
s/tikzlibrarytopaths.code.tex
File: tikzlibrarytopaths.code.tex 2008/06/17 v3.0.1a (rcs-revision 1.2)
)))
(/usr/local/texlive/2018/texmf-dist/tex/generic/chemfig/chemfig.tex
(/usr/local/texlive/2018/texmf-dist/tex/generic/simplekv/simplekv.tex)
(/usr/local/texlive/2018/texmf-dist/tex/generic/pgf/libraries/pgflibraryarrows.
meta.code.tex
File: pgflibraryarrows.meta.code.tex 2015/05/13 v3.0.1a (rcs-revision 1.13)
\pgfarrowinset=\dimen177
\pgfarrowlength=\dimen178
\pgfarrowwidth=\dimen179
\pgfarrowlinewidth=\dimen180
)
\CF@cnt@atomingroup=\count171
\CF@cnt@groupnumber=\count172
\CF@cnt@atomnumber=\count173
\CF@cnt@cycle=\count174
\CF@compound@cnt=\count175
\CF@dim=\dimen181
\CF@arrow@size=\dimen182
\CF@lewis@box=\box43
\CF@box@boxa=\box44
\CF@stuff@box=\box45
)
Package: chemfig 2018/04/05 v1.31 Draw molecule with an easy syntax (CT)
)
(/usr/local/texlive/2018/texmf-dist/tex/latex/geometry/geometry.sty
Package: geometry 2018/03/24 v5.7 Page Geometry

(/usr/local/texlive/2018/texmf-dist/tex/generic/oberdiek/ifpdf.sty
Package: ifpdf 2017/03/15 v3.2 Provides the ifpdf switch
)
(/usr/local/texlive/2018/texmf-dist/tex/generic/oberdiek/ifvtex.sty
Package: ifvtex 2016/05/16 v1.6 Detect VTeX and its facilities (HO)
Package ifvtex Info: VTeX not detected.
)
(/usr/local/texlive/2018/texmf-dist/tex/generic/ifxetex/ifxetex.sty
Package: ifxetex 2010/09/12 v0.6 Provides ifxetex conditional
)
\Gm@cnth=\count176
\Gm@cntv=\count177
\c@Gm@tempcnt=\count178
\Gm@bindingoffset=\dimen183
\Gm@wd@mp=\dimen184
\Gm@odd@mp=\dimen185
\Gm@even@mp=\dimen186
\Gm@layoutwidth=\dimen187
\Gm@layoutheight=\dimen188
\Gm@layouthoffset=\dimen189
\Gm@layoutvoffset=\dimen190
\Gm@dimlist=\toks42
)
(/usr/local/texlive/2018/texmf-dist/tex/latex/eso-pic/eso-pic.sty
Package: eso-pic 2015/07/21 v2.0g eso-pic (RN)

(/usr/local/texlive/2018/texmf-dist/tex/generic/oberdiek/atbegshi.sty
Package: atbegshi 2016/06/09 v1.18 At begin shipout hook (HO)

(/usr/local/texlive/2018/texmf-dist/tex/generic/oberdiek/infwarerr.sty
Package: infwarerr 2016/05/16 v1.4 Providing info/warning/error messages (HO)
)
(/usr/local/texlive/2018/texmf-dist/tex/generic/oberdiek/ltxcmds.sty
Package: ltxcmds 2016/05/16 v1.23 LaTeX kernel commands for general use (HO)
)))
(/usr/local/texlive/2018/texmf-dist/tex/latex/tabu/tabu.sty
Package: tabu 2011/02/26 v2.8 - flexible LaTeX tabulars (FC)

(/usr/local/texlive/2018/texmf-dist/tex/latex/varwidth/varwidth.sty
Package: varwidth 2009/03/30 ver 0.92;  Variable-width minipages
\@vwid@box=\box46
\sift@deathcycles=\count179
\@vwid@loff=\dimen191
\@vwid@roff=\dimen192
)
\c@taburow=\count180
\tabu@nbcols=\count181
\tabu@cnt=\count182
\tabu@Xcol=\count183
\tabu@alloc=\count184
\tabu@nested=\count185
\tabu@target=\dimen193
\tabu@spreadtarget=\dimen194
\tabu@naturalX=\dimen195
\tabucolX=\dimen196
\tabu@Xsum=\dimen197
\extrarowdepth=\dimen198
\abovetabulinesep=\dimen199
\belowtabulinesep=\dimen256
\tabustrutrule=\dimen257
\tabu@thebody=\toks43
\tabu@footnotes=\toks44
\tabu@box=\box47
\tabu@arstrutbox=\box48
\tabu@hleads=\box49
\tabu@vleads=\box50
\tabu@cellskip=\skip77
)
(/usr/local/texlive/2018/texmf-dist/tex/latex/tabulary/tabulary.sty
Package: tabulary 2014/06/11 v0.10 tabulary package (DPC)
\TY@count=\count186
\TY@linewidth=\dimen258
\tymin=\dimen259
\tymax=\dimen260
\TY@tablewidth=\dimen261
)
(/usr/local/texlive/2018/texmf-dist/tex/latex/tools/tabularx.sty
Package: tabularx 2016/02/03 v2.11b `tabularx' package (DPC)
\TX@col@width=\dimen262
\TX@old@table=\dimen263
\TX@old@col=\dimen264
\TX@target=\dimen265
\TX@delta=\dimen266
\TX@cols=\count187
\TX@ftn=\toks45
)
(/usr/local/texlive/2018/texmf-dist/tex/latex/nomencl/nomencl.sty
Package: nomencl 2005/09/22 v4.2 Nomenclature package (LN)
\nomlabelwidth=\dimen267
\nom@tempdim=\dimen268
\nomitemsep=\skip78
)
(/usr/local/texlive/2018/texmf-dist/tex/latex/glossaries/base/glossaries.sty
Package: glossaries 2018/04/07 v4.37 (NLCT)

(/usr/local/texlive/2018/texmf-dist/tex/latex/mfirstuc/mfirstuc.sty
Package: mfirstuc 2017/11/14 v2.06 (NLCT)
\@glsmfirst=\toks46
\@glsmrest=\toks47
)
(/usr/local/texlive/2018/texmf-dist/tex/latex/textcase/textcase.sty
Package: textcase 2004/10/07 v0.07 Text only upper/lower case changing (DPC)
)
(/usr/local/texlive/2018/texmf-dist/tex/latex/xfor/xfor.sty
Package: xfor 2009/02/05 v1.05 (NLCT)
)
(/usr/local/texlive/2018/texmf-dist/tex/latex/datatool/datatool-base.sty
Package: datatool-base 2017/11/12 v2.29 (NLCT)

(/usr/local/texlive/2018/texmf-dist/tex/latex/substr/substr.sty
Package: substr 2009/10/20 v1.2 Handle substrings
\c@su@anzahl=\count188
)
(/usr/local/texlive/2018/texmf-dist/tex/latex/datatool/datatool-fp.sty
Package: datatool-fp 2017/11/12 v2.29 (NLCT)

(/usr/local/texlive/2018/texmf-dist/tex/latex/fp/fp.sty
Package: fp 1995/04/02

`Fixed Point Package', Version 0.8, April 2, 1995 (C) Michael Mehlich
(/usr/local/texlive/2018/texmf-dist/tex/latex/fp/defpattern.sty
Package: defpattern 1994/10/12
\actioncount=\count189
)
(/usr/local/texlive/2018/texmf-dist/tex/latex/fp/fp-basic.sty
Package: fp-basic 1996/05/13
\FP@xs=\count190
\FP@xia=\count191
\FP@xib=\count192
\FP@xfa=\count193
\FP@xfb=\count194
\FP@rega=\count195
\FP@regb=\count196
\FP@regs=\count197
\FP@times=\count198
)
(/usr/local/texlive/2018/texmf-dist/tex/latex/fp/fp-addons.sty
Package: fp-addons 1995/03/15
)
(/usr/local/texlive/2018/texmf-dist/tex/latex/fp/fp-snap.sty
Package: fp-snap 1995/04/05
)
(/usr/local/texlive/2018/texmf-dist/tex/latex/fp/fp-exp.sty
Package: fp-exp 1995/04/03
)
(/usr/local/texlive/2018/texmf-dist/tex/latex/fp/fp-trigo.sty
Package: fp-trigo 1995/04/14
)
(/usr/local/texlive/2018/texmf-dist/tex/latex/fp/fp-pas.sty
Package: fp-pas 1994/08/29
)
(/usr/local/texlive/2018/texmf-dist/tex/latex/fp/fp-random.sty
Package: fp-random 1995/02/23
\FPseed=\count199
)
(/usr/local/texlive/2018/texmf-dist/tex/latex/fp/fp-eqn.sty
Package: fp-eqn 1995/04/03
)
(/usr/local/texlive/2018/texmf-dist/tex/latex/fp/fp-upn.sty
Package: fp-upn 1996/10/21
)
(/usr/local/texlive/2018/texmf-dist/tex/latex/fp/fp-eval.sty
Package: fp-eval 1995/04/03
)))
\@dtl@toks=\toks48
\@dtl@tmpcount=\count266
\dtl@tmplength=\skip79
\dtl@sortresult=\count267
\@dtl@numgrpsepcount=\count268
\@dtl@datatype=\count269
\dtl@codeA=\count270
\dtl@codeB=\count271
\@dtl@foreach@level=\count272
)
(/usr/local/texlive/2018/texmf-dist/tex/latex/glossaries/base/glossaries-compat
ible-307.sty
Package: glossaries-compatible-307 2018/04/07 v4.37 (NLCT)
)
(/usr/local/texlive/2018/texmf-dist/tex/latex/tracklang/tracklang.sty
Package: tracklang 2018/02/21 v1.3.5 (NLCT) Track Languages

(/usr/local/texlive/2018/texmf-dist/tex/generic/tracklang/tracklang.tex))
(/usr/local/texlive/2018/texmf-dist/tex/latex/translator/translator.sty
Package: translator 2018/01/04 v1.12 Easy translation of strings in LaTeX
)
(/usr/local/texlive/2018/texmf-dist/tex/latex/glossaries-english/glossaries-eng
lish.ldf
File: glossaries-english.ldf 2014/11/23 v1.0
)
\gls@level=\count273
\@gls@tmpb=\toks49
\gls@tmplen=\skip80
\glskeylisttok=\toks50
\glslabeltok=\toks51
\glsshorttok=\toks52
\glslongtok=\toks53

(/usr/local/texlive/2018/texmf-dist/tex/latex/glossaries/styles/glossary-hypern
av.sty
Package: glossary-hypernav 2018/04/07 v4.37 (NLCT)
)
(/usr/local/texlive/2018/texmf-dist/tex/latex/glossaries/styles/glossary-list.s
ty
Package: glossary-list 2018/04/07 v4.37 (NLCT)
\glslistdottedwidth=\skip81
)
(/usr/local/texlive/2018/texmf-dist/tex/latex/glossaries/styles/glossary-long.s
ty
Package: glossary-long 2018/04/07 v4.37 (NLCT)
 (/usr/local/texlive/2018/texmf-dist/tex/latex/tools/longtable.sty
Package: longtable 2014/10/28 v4.11 Multi-page Table package (DPC)
\LTleft=\skip82
\LTright=\skip83
\LTpre=\skip84
\LTpost=\skip85
\LTchunksize=\count274
\LTcapwidth=\dimen269
\LT@head=\box51
\LT@firsthead=\box52
\LT@foot=\box53
\LT@lastfoot=\box54
\LT@cols=\count275
\LT@rows=\count276
\c@LT@tables=\count277
\c@LT@chunks=\count278
\LT@p@ftn=\toks54
)
\glsdescwidth=\skip86
\glspagelistwidth=\skip87
)
(/usr/local/texlive/2018/texmf-dist/tex/latex/glossaries/styles/glossary-super.
sty
Package: glossary-super 2018/04/07 v4.37 (NLCT)
 (/usr/local/texlive/2018/texmf-dist/tex/latex/supertabular/supertabular.sty
Package: supertabular 2004/02/20 v4.1e the supertabular environment
\c@tracingst=\count279
\ST@wd=\dimen270
\ST@rightskip=\skip88
\ST@leftskip=\skip89
\ST@parfillskip=\skip90
\ST@pageleft=\dimen271
\ST@headht=\dimen272
\ST@tailht=\dimen273
\ST@pagesofar=\dimen274
\ST@pboxht=\dimen275
\ST@lineht=\dimen276
\ST@stretchht=\dimen277
\ST@prevht=\dimen278
\ST@toadd=\dimen279
\ST@dimen=\dimen280
\ST@pbox=\box55
))
(/usr/local/texlive/2018/texmf-dist/tex/latex/glossaries/styles/glossary-tree.s
ty
Package: glossary-tree 2018/04/07 v4.37 (NLCT)
\glstreeindent=\skip91
)) (/usr/local/texlive/2018/texmf-dist/tex/latex/changepage/chngpage.sty
Package: chngpage 2009/10/20 v1.2b change page layout
\c@cp@cnt=\count280
\c@cp@tempcnt=\count281
)
(/usr/local/texlive/2018/texmf-dist/tex/latex/framed/framed.sty
Package: framed 2011/10/22 v 0.96: framed or shaded text with page breaks
\OuterFrameSep=\skip92
\fb@frw=\dimen281
\fb@frh=\dimen282
\FrameRule=\dimen283
\FrameSep=\dimen284
)
(/usr/local/texlive/2018/texmf-dist/tex/latex/multirow/multirow.sty
Package: multirow 2016/11/25 v2.2 Span multiple rows of a table
\multirow@colwidth=\skip93
\multirow@cntb=\count282
\multirow@dima=\skip94
\bigstrutjot=\dimen285
)
(/usr/local/texlive/2018/texmf-dist/tex/latex/titling/titling.sty
Package: titling 2009/09/04 v2.1d maketitle typesetting
\thanksmarkwidth=\skip95
\thanksmargin=\skip96
\droptitle=\skip97
)
(/usr/local/texlive/2018/texmf-dist/tex/latex/soul/soul.sty
Package: soul 2003/11/17 v2.4 letterspacing/underlining (mf)
\SOUL@word=\toks55
\SOUL@lasttoken=\toks56
\SOUL@cmds=\toks57
\SOUL@buffer=\toks58
\SOUL@token=\toks59
\SOUL@spaceskip=\skip98
\SOUL@ttwidth=\dimen286
\SOUL@uldp=\dimen287
\SOUL@ulht=\dimen288
)
(/usr/local/texlive/2018/texmf-dist/tex/latex/float/float.sty
Package: float 2001/11/08 v1.3d Float enhancements (AL)
\c@float@type=\count283
\float@exts=\toks60
\float@box=\box56
\@float@everytoks=\toks61
\@floatcapt=\box57
)
(/usr/local/texlive/2018/texmf-dist/tex/latex/pdfpages/pdfpages.sty
Package: pdfpages 2017/10/31 v0.5l Insert pages of external PDF documents (AM)
\AM@pagewidth=\dimen289
\AM@pageheight=\dimen290

(/usr/local/texlive/2018/texmf-dist/tex/latex/pdfpages/pppdftex.def
File: pppdftex.def 2017/10/31 v0.5l Pdfpages driver for pdfTeX (AM)
)
\AM@pagebox=\box58
\AM@global@opts=\toks62
\AM@toc@title=\toks63
\c@AM@survey=\count284
\AM@templatesizebox=\box59
)
(/usr/local/texlive/2018/texmf-dist/tex/latex/hyperref/hyperref.sty
Package: hyperref 2018/02/06 v6.86b Hypertext links for LaTeX

(/usr/local/texlive/2018/texmf-dist/tex/generic/oberdiek/hobsub-hyperref.sty
Package: hobsub-hyperref 2016/05/16 v1.14 Bundle oberdiek, subset hyperref (HO)


(/usr/local/texlive/2018/texmf-dist/tex/generic/oberdiek/hobsub-generic.sty
Package: hobsub-generic 2016/05/16 v1.14 Bundle oberdiek, subset generic (HO)
Package: hobsub 2016/05/16 v1.14 Construct package bundles (HO)
Package hobsub Info: Skipping package `infwarerr' (already loaded).
Package hobsub Info: Skipping package `ltxcmds' (already loaded).
Package: ifluatex 2016/05/16 v1.4 Provides the ifluatex switch (HO)
Package ifluatex Info: LuaTeX not detected.
Package hobsub Info: Skipping package `ifvtex' (already loaded).
Package: intcalc 2016/05/16 v1.2 Expandable calculations with integers (HO)
Package hobsub Info: Skipping package `ifpdf' (already loaded).
Package: etexcmds 2016/05/16 v1.6 Avoid name clashes with e-TeX commands (HO)
Package etexcmds Info: Could not find \expanded.
(etexcmds)             That can mean that you are not using pdfTeX 1.50 or
(etexcmds)             that some package has redefined \expanded.
(etexcmds)             In the latter case, load this package earlier.
Package: kvsetkeys 2016/05/16 v1.17 Key value parser (HO)
Package: kvdefinekeys 2016/05/16 v1.4 Define keys (HO)
Package: pdftexcmds 2018/01/30 v0.27 Utility functions of pdfTeX for LuaTeX (HO
)
Package pdftexcmds Info: LuaTeX not detected.
Package pdftexcmds Info: \pdf@primitive is available.
Package pdftexcmds Info: \pdf@ifprimitive is available.
Package pdftexcmds Info: \pdfdraftmode found.
Package: pdfescape 2016/05/16 v1.14 Implements pdfTeX's escape features (HO)
Package: bigintcalc 2016/05/16 v1.4 Expandable calculations on big integers (HO
)
Package: bitset 2016/05/16 v1.2 Handle bit-vector datatype (HO)
Package: uniquecounter 2016/05/16 v1.3 Provide unlimited unique counter (HO)
)
Package hobsub Info: Skipping package `hobsub' (already loaded).
Package: letltxmacro 2016/05/16 v1.5 Let assignment for LaTeX macros (HO)
Package: hopatch 2016/05/16 v1.3 Wrapper for package hooks (HO)
Package: xcolor-patch 2016/05/16 xcolor patch
Package: atveryend 2016/05/16 v1.9 Hooks at the very end of document (HO)
Package hobsub Info: Skipping package `atbegshi' (already loaded).
Package: refcount 2016/05/16 v3.5 Data extraction from label references (HO)
Package: hycolor 2016/05/16 v1.8 Color options for hyperref/bookmark (HO)
)
(/usr/local/texlive/2018/texmf-dist/tex/latex/oberdiek/auxhook.sty
Package: auxhook 2016/05/16 v1.4 Hooks for auxiliary files (HO)
)
(/usr/local/texlive/2018/texmf-dist/tex/latex/oberdiek/kvoptions.sty
Package: kvoptions 2016/05/16 v3.12 Key value format for package options (HO)
)
\@linkdim=\dimen291
\Hy@linkcounter=\count285
\Hy@pagecounter=\count286

(/usr/local/texlive/2018/texmf-dist/tex/latex/hyperref/pd1enc.def
File: pd1enc.def 2018/02/06 v6.86b Hyperref: PDFDocEncoding definition (HO)
Now handling font encoding PD1 ...
... no UTF-8 mapping file for font encoding PD1
)
\Hy@SavedSpaceFactor=\count287

(/usr/local/texlive/2018/texmf-dist/tex/latex/latexconfig/hyperref.cfg
File: hyperref.cfg 2002/06/06 v1.2 hyperref configuration of TeXLive
)
Package hyperref Info: Hyper figures OFF on input line 4509.
Package hyperref Info: Link nesting OFF on input line 4514.
Package hyperref Info: Hyper index ON on input line 4517.
Package hyperref Info: Plain pages OFF on input line 4524.
Package hyperref Info: Backreferencing OFF on input line 4529.
Package hyperref Info: Implicit mode ON; LaTeX internals redefined.
Package hyperref Info: Bookmarks ON on input line 4762.
\c@Hy@tempcnt=\count288

(/usr/local/texlive/2018/texmf-dist/tex/latex/url/url.sty
\Urlmuskip=\muskip11
Package: url 2013/09/16  ver 3.4  Verb mode for urls, etc.
)
LaTeX Info: Redefining \url on input line 5115.
\XeTeXLinkMargin=\dimen292
\Fld@menulength=\count289
\Field@Width=\dimen293
\Fld@charsize=\dimen294
Package hyperref Info: Hyper figures OFF on input line 6369.
Package hyperref Info: Link nesting OFF on input line 6374.
Package hyperref Info: Hyper index ON on input line 6377.
Package hyperref Info: backreferencing OFF on input line 6384.
Package hyperref Info: Link coloring OFF on input line 6389.
Package hyperref Info: Link coloring with OCG OFF on input line 6394.
Package hyperref Info: PDF/A mode OFF on input line 6399.
LaTeX Info: Redefining \ref on input line 6439.
LaTeX Info: Redefining \pageref on input line 6443.
\Hy@abspage=\count290
\c@Item=\count291
\c@Hfootnote=\count292
)
Package hyperref Info: Driver (autodetected): hpdftex.

(/usr/local/texlive/2018/texmf-dist/tex/latex/hyperref/hpdftex.def
File: hpdftex.def 2018/02/06 v6.86b Hyperref driver for pdfTeX
\Fld@listcount=\count293
\c@bookmark@seq@number=\count294

(/usr/local/texlive/2018/texmf-dist/tex/latex/oberdiek/rerunfilecheck.sty
Package: rerunfilecheck 2016/05/16 v1.8 Rerun checks for auxiliary files (HO)
Package uniquecounter Info: New unique counter `rerunfilecheck' on input line 2
82.
)
\Hy@SectionHShift=\skip99
)
Package hyperref Info: Option `colorlinks' set `true' on input line 59.

(/usr/local/texlive/2018/texmf-dist/tex/latex/was/gensymb.sty
Package: gensymb 2003/07/02 v1.0 (WaS)
)
(/usr/local/texlive/2018/texmf-dist/tex/latex/titlesec/titlesec.sty
Package: titlesec 2016/03/21 v2.10.2 Sectioning titles
\ttl@box=\box60
\beforetitleunit=\skip100
\aftertitleunit=\skip101
\ttl@plus=\dimen295
\ttl@minus=\dimen296
\ttl@toksa=\toks64
\titlewidth=\dimen297
\titlewidthlast=\dimen298
\titlewidthfirst=\dimen299
)
(/usr/local/texlive/2018/texmf-dist/tex/latex/fancyhdr/fancyhdr.sty
Package: fancyhdr 2017/06/30 v3.9a Extensive control of page headers and footer
s
\f@nch@headwidth=\skip102
\f@nch@O@elh=\skip103
\f@nch@O@erh=\skip104
\f@nch@O@olh=\skip105
\f@nch@O@orh=\skip106
\f@nch@O@elf=\skip107
\f@nch@O@erf=\skip108
\f@nch@O@olf=\skip109
\f@nch@O@orf=\skip110
)
(/usr/local/texlive/2018/texmf-dist/tex/generic/pgf/frontendlayer/tikz/librarie
s/tikzlibraryshapes.code.tex
File: tikzlibraryshapes.code.tex 2008/01/09 v3.0.1a (rcs-revision 1.1)

(/usr/local/texlive/2018/texmf-dist/tex/generic/pgf/frontendlayer/tikz/librarie
s/tikzlibraryshapes.geometric.code.tex
File: tikzlibraryshapes.geometric.code.tex 2008/01/09 v3.0.1a (rcs-revision 1.1
)

(/usr/local/texlive/2018/texmf-dist/tex/generic/pgf/libraries/shapes/pgflibrary
shapes.geometric.code.tex
File: pgflibraryshapes.geometric.code.tex 2008/06/26 v3.0.1a (rcs-revision 1.1)

))
(/usr/local/texlive/2018/texmf-dist/tex/generic/pgf/frontendlayer/tikz/librarie
s/tikzlibraryshapes.misc.code.tex
File: tikzlibraryshapes.misc.code.tex 2008/01/09 v3.0.1a (rcs-revision 1.1)

(/usr/local/texlive/2018/texmf-dist/tex/generic/pgf/libraries/shapes/pgflibrary
shapes.misc.code.tex
File: pgflibraryshapes.misc.code.tex 2013/07/18 v3.0.1a (rcs-revision 1.5)
))
(/usr/local/texlive/2018/texmf-dist/tex/generic/pgf/frontendlayer/tikz/librarie
s/tikzlibraryshapes.symbols.code.tex
File: tikzlibraryshapes.symbols.code.tex 2008/01/09 v3.0.1a (rcs-revision 1.1)

(/usr/local/texlive/2018/texmf-dist/tex/generic/pgf/libraries/shapes/pgflibrary
shapes.symbols.code.tex
File: pgflibraryshapes.symbols.code.tex 2013/09/11 v3.0.1a (rcs-revision 1.6)
))
(/usr/local/texlive/2018/texmf-dist/tex/generic/pgf/frontendlayer/tikz/librarie
s/tikzlibraryshapes.arrows.code.tex
File: tikzlibraryshapes.arrows.code.tex 2008/01/09 v3.0.1a (rcs-revision 1.1)

(/usr/local/texlive/2018/texmf-dist/tex/generic/pgf/libraries/shapes/pgflibrary
shapes.arrows.code.tex
File: pgflibraryshapes.arrows.code.tex 2008/06/26 v3.0.1a (rcs-revision 1.1)
))
(/usr/local/texlive/2018/texmf-dist/tex/generic/pgf/frontendlayer/tikz/librarie
s/tikzlibraryshapes.callouts.code.tex
(/usr/local/texlive/2018/texmf-dist/tex/generic/pgf/libraries/shapes/pgflibrary
shapes.callouts.code.tex))
(/usr/local/texlive/2018/texmf-dist/tex/generic/pgf/frontendlayer/tikz/librarie
s/tikzlibraryshapes.multipart.code.tex
File: tikzlibraryshapes.multipart.code.tex 2008/01/09 v3.0.1a (rcs-revision 1.1
)

(/usr/local/texlive/2018/texmf-dist/tex/generic/pgf/libraries/shapes/pgflibrary
shapes.multipart.code.tex
File: pgflibraryshapes.multipart.code.tex 2010/01/07 v3.0.1a (rcs-revision 1.2)

\pgfnodepartlowerbox=\box61
\pgfnodeparttwobox=\box62
\pgfnodepartthreebox=\box63
\pgfnodepartfourbox=\box64
\pgfnodeparttwentybox=\box65
\pgfnodepartnineteenbox=\box66
\pgfnodeparteighteenbox=\box67
\pgfnodepartseventeenbox=\box68
\pgfnodepartsixteenbox=\box69
\pgfnodepartfifteenbox=\box70
\pgfnodepartfourteenbox=\box71
\pgfnodepartthirteenbox=\box72
\pgfnodeparttwelvebox=\box73
\pgfnodepartelevenbox=\box74
\pgfnodeparttenbox=\box75
\pgfnodepartninebox=\box76
\pgfnodeparteightbox=\box77
\pgfnodepartsevenbox=\box78
\pgfnodepartsixbox=\box79
\pgfnodepartfivebox=\box80
)))
(/usr/local/texlive/2018/texmf-dist/tex/generic/pgf/frontendlayer/tikz/librarie
s/tikzlibraryarrows.code.tex
File: tikzlibraryarrows.code.tex 2008/01/09 v3.0.1a (rcs-revision 1.1)

(/usr/local/texlive/2018/texmf-dist/tex/generic/pgf/libraries/pgflibraryarrows.
code.tex
File: pgflibraryarrows.code.tex 2013/09/23 v3.0.1a (rcs-revision 1.16)
\arrowsize=\dimen300
))
(/usr/local/texlive/2018/texmf-dist/tex/generic/pgf/frontendlayer/tikz/librarie
s/tikzlibrarypatterns.code.tex
File: tikzlibrarypatterns.code.tex 2008/01/15 v3.0.1a (rcs-revision 1.2)

(/usr/local/texlive/2018/texmf-dist/tex/generic/pgf/libraries/pgflibrarypattern
s.code.tex
File: pgflibrarypatterns.code.tex 2008/03/03 v3.0.1a (rcs-revision 1.13)
))) (./main.aux)
\openout1 = `main.aux'.

LaTeX Font Info:    Checking defaults for OML/cmm/m/it on input line 10.
LaTeX Font Info:    ... okay on input line 10.
LaTeX Font Info:    Checking defaults for T1/cmr/m/n on input line 10.
LaTeX Font Info:    ... okay on input line 10.
LaTeX Font Info:    Checking defaults for OT1/cmr/m/n on input line 10.
LaTeX Font Info:    ... okay on input line 10.
LaTeX Font Info:    Checking defaults for OMS/cmsy/m/n on input line 10.
LaTeX Font Info:    ... okay on input line 10.
LaTeX Font Info:    Checking defaults for OMX/cmex/m/n on input line 10.
LaTeX Font Info:    ... okay on input line 10.
LaTeX Font Info:    Checking defaults for U/cmr/m/n on input line 10.
LaTeX Font Info:    ... okay on input line 10.
LaTeX Font Info:    Checking defaults for TS1/cmr/m/n on input line 10.
LaTeX Font Info:    Try loading font information for TS1+cmr on input line 10.

(/usr/local/texlive/2018/texmf-dist/tex/latex/base/ts1cmr.fd
File: ts1cmr.fd 2014/09/29 v2.5h Standard LaTeX font definitions
)
LaTeX Font Info:    ... okay on input line 10.
LaTeX Font Info:    Checking defaults for PD1/pdf/m/n on input line 10.
LaTeX Font Info:    ... okay on input line 10.
LaTeX Font Info:    Try loading font information for T1+lmr on input line 10.

(/usr/local/texlive/2018/texmf-dist/tex/latex/lm/t1lmr.fd
File: t1lmr.fd 2009/10/30 v1.6 Font defs for Latin Modern
)
(/usr/local/texlive/2018/texmf-dist/tex/context/base/mkii/supp-pdf.mkii
[Loading MPS to PDF converter (version 2006.09.02).]
\scratchcounter=\count295
\scratchdimen=\dimen301
\scratchbox=\box81
\nofMPsegments=\count296
\nofMParguments=\count297
\everyMPshowfont=\toks65
\MPscratchCnt=\count298
\MPscratchDim=\dimen302
\MPnumerator=\count299
\makeMPintoPDFobject=\count300
\everyMPtoPDFconversion=\toks66
) (/usr/local/texlive/2018/texmf-dist/tex/latex/oberdiek/epstopdf-base.sty
Package: epstopdf-base 2016/05/15 v2.6 Base part for package epstopdf

(/usr/local/texlive/2018/texmf-dist/tex/latex/oberdiek/grfext.sty
Package: grfext 2016/05/16 v1.2 Manage graphics extensions (HO)
)
Package epstopdf-base Info: Redefining graphics rule for `.eps' on input line 4
38.
Package grfext Info: Graphics extension search list:
(grfext)             [.pdf,.png,.jpg,.mps,.jpeg,.jbig2,.jb2,.PDF,.PNG,.JPG,.JPE
G,.JBIG2,.JB2,.eps]
(grfext)             \AppendGraphicsExtensions on input line 456.

(/usr/local/texlive/2018/texmf-dist/tex/latex/latexconfig/epstopdf-sys.cfg
File: epstopdf-sys.cfg 2010/07/13 v1.3 Configuration of (r)epstopdf for TeX Liv
e
))
ABD: EverySelectfont initializing macros
LaTeX Info: Redefining \selectfont on input line 10.
Package caption Info: Begin \AtBeginDocument code.
Package caption Info: subfig package v1.3 is loaded.
Package caption Info: float package is loaded.
Package caption Info: hyperref package is loaded.
Package caption Info: listings package is loaded.
Package caption Info: longtable package is loaded.

(/usr/local/texlive/2018/texmf-dist/tex/latex/caption/ltcaption.sty
Package: ltcaption 2013/06/09 v1.4-94 longtable captions (AR)
)
Package caption Info: supertabular package is loaded.
Package caption Info: End \AtBeginDocument code.
\c@lstlisting=\count301

ABD: EveryShipout initializing macros
*geometry* driver: auto-detecting
*geometry* detected driver: pdftex
*geometry* verbose mode - [ preamble ] result:
* driver: pdftex
* paper: a4paper
* layout: <same size as paper>
* layoutoffset:(h,v)=(0.0pt,0.0pt)
* modes: twoside 
* h-part:(L,W,R)=(85.35826pt, 426.79135pt, 85.35826pt)
* v-part:(T,H,B)=(85.35826pt, 674.33032pt, 85.35826pt)
* \paperwidth=597.50787pt
* \paperheight=845.04684pt
* \textwidth=426.79135pt
* \textheight=674.33032pt
* \oddsidemargin=13.08827pt
* \evensidemargin=13.08827pt
* \topmargin=-23.91173pt
* \headheight=12.0pt
* \headsep=25.0pt
* \topskip=12.0pt
* \footskip=30.0pt
* \marginparwidth=85.0pt
* \marginparsep=10.0pt
* \columnsep=10.0pt
* \skip\footins=10.8pt plus 4.0pt minus 2.0pt
* \hoffset=0.0pt
* \voffset=0.0pt
* \mag=1000
* \@twocolumnfalse
* \@twosidetrue
* \@mparswitchtrue
* \@reversemarginfalse
* (1in=72.27pt=25.4mm, 1cm=28.453pt)

\AtBeginShipoutBox=\box82
(/usr/local/texlive/2018/texmf-dist/tex/latex/oberdiek/pdflscape.sty
Package: pdflscape 2016/05/14 v0.11 Display of landscape pages in PDF (HO)

(/usr/local/texlive/2018/texmf-dist/tex/latex/graphics/lscape.sty
Package: lscape 2000/10/22 v3.01 Landscape Pages (DPC)
)
Package pdflscape Info: Auto-detected driver: pdftex on input line 81.
)
Package hyperref Info: Link coloring ON on input line 10.

(/usr/local/texlive/2018/texmf-dist/tex/latex/hyperref/nameref.sty
Package: nameref 2016/05/21 v2.44 Cross-referencing by name of section

(/usr/local/texlive/2018/texmf-dist/tex/generic/oberdiek/gettitlestring.sty
Package: gettitlestring 2016/05/16 v1.5 Cleanup title references (HO)
)
\c@section@level=\count302
)
LaTeX Info: Redefining \ref on input line 10.
LaTeX Info: Redefining \pageref on input line 10.
LaTeX Info: Redefining \nameref on input line 10.

(./main.out) (./main.out)
\@outlinefile=\write4
\openout4 = `main.out'.

\symgns@font=\mathgroup6
LaTeX Font Info:    Overwriting symbol font `gns@font' in version `bold'
(Font)                  TS1/lmr/m/n --> TS1/lmr/bx/n on input line 10.
Package gensymb Info: Math companion symbols declared on input line 10.
LaTeX Info: Redefining \degree on input line 10.
LaTeX Info: Redefining \celsius on input line 10.
Package gensymb Info: Using text companion symbols for \degree, \celsius and \p
erthousand on input line 10.
LaTeX Info: Redefining \ohm on input line 10.
Package gensymb Info: Using \textohm for \ohm on input line 10.
Package gensymb Info: Using \textmu for \micro on input line 10.
LaTeX Font Info:    Try loading font information for OT1+lmr on input line 13.

(/usr/local/texlive/2018/texmf-dist/tex/latex/lm/ot1lmr.fd
File: ot1lmr.fd 2009/10/30 v1.6 Font defs for Latin Modern
)
LaTeX Font Info:    Try loading font information for OML+lmm on input line 13.

(/usr/local/texlive/2018/texmf-dist/tex/latex/lm/omllmm.fd
File: omllmm.fd 2009/10/30 v1.6 Font defs for Latin Modern
)
LaTeX Font Info:    Try loading font information for OMS+lmsy on input line 13.


(/usr/local/texlive/2018/texmf-dist/tex/latex/lm/omslmsy.fd
File: omslmsy.fd 2009/10/30 v1.6 Font defs for Latin Modern
)
LaTeX Font Info:    Try loading font information for OMX+lmex on input line 13.


(/usr/local/texlive/2018/texmf-dist/tex/latex/lm/omxlmex.fd
File: omxlmex.fd 2009/10/30 v1.6 Font defs for Latin Modern
)
LaTeX Font Info:    External font `lmex10' loaded for size
(Font)              <10.95> on input line 13.
LaTeX Font Info:    External font `lmex10' loaded for size
(Font)              <8> on input line 13.
LaTeX Font Info:    External font `lmex10' loaded for size
(Font)              <6> on input line 13.
LaTeX Font Info:    Try loading font information for U+msa on input line 13.

(/usr/local/texlive/2018/texmf-dist/tex/latex/amsfonts/umsa.fd
File: umsa.fd 2013/01/14 v3.01 AMS symbols A
)
LaTeX Font Info:    Try loading font information for U+msb on input line 13.

(/usr/local/texlive/2018/texmf-dist/tex/latex/amsfonts/umsb.fd
File: umsb.fd 2013/01/14 v3.01 AMS symbols B
)
LaTeX Font Info:    Try loading font information for TS1+lmr on input line 13.

(/usr/local/texlive/2018/texmf-dist/tex/latex/lm/ts1lmr.fd
File: ts1lmr.fd 2009/10/30 v1.6 Font defs for Latin Modern
) [1

{/usr/local/texlive/2018/texmf-var/fonts/map/pdftex/updmap/pdftex.map}]

Package Fancyhdr Warning: \headheight is too small (12.0pt): 
 Make it at least 14.49998pt.
 We now make it that large for the rest of the document.
 This may cause the page layout to be inconsistent, however.

[2

] (./content/report.tex
Chapter 1.
LaTeX Font Info:    External font `lmex10' loaded for size
(Font)              <12> on input line 8.

Underfull \hbox (badness 10000) in paragraph at lines 8--9

 []


Underfull \hbox (badness 10000) in paragraph at lines 10--11

 []


Underfull \hbox (badness 10000) in paragraph at lines 12--13

 []


Underfull \hbox (badness 10000) in paragraph at lines 15--17

 []


Underfull \hbox (badness 10000) in paragraph at lines 22--24

 []


Underfull \hbox (badness 10000) in paragraph at lines 28--29

 []


Underfull \hbox (badness 10000) in paragraph at lines 30--33

 []

pdfTeX warning (ext4): destination with the same identifier (name{page.1}) has 
been already used, duplicate ignored
<to be read again> 
                   \relax 
l.38 \end{equation}
                   \\ [1

]
Underfull \hbox (badness 10000) in paragraph at lines 38--43

 []


Underfull \hbox (badness 10000) in paragraph at lines 45--51

 []

)

Package Fancyhdr Warning: \headheight is too small (12.0pt): 
 Make it at least 14.49998pt.
 We now make it that large for the rest of the document.
 This may cause the page layout to be inconsistent, however.

pdfTeX warning (ext4): destination with the same identifier (name{page.2}) has 
been already used, duplicate ignored
<to be read again> 
                   \relax 
l.28 \cleardoublepage
                      [2] (./include/backmatter/appendix.tex
(./appendix/hypotheses_figures.tex
Appendix A.
Package epstopdf Info: Source file: <content/figures/rate30_dev_nl_as.eps>
(epstopdf)                    date: 2018-10-24 13:21:01
(epstopdf)                    size: 10339 bytes
(epstopdf)             Output file: <content/figures/rate30_dev_nl_as-eps-conve
rted-to.pdf>
(epstopdf)                    date: 2019-12-21 20:17:44
(epstopdf)                    size: 10834 bytes
(epstopdf)             Command: <repstopdf --outfile=content/figures/rate30_dev
_nl_as-eps-converted-to.pdf content/figures/rate30_dev_nl_as.eps>
(epstopdf)             \includegraphics on input line 9.
Package epstopdf Info: Output file is already uptodate.
<content/figures/rate30_dev_nl_as-eps-converted-to.pdf, id=44, 677.53125pt x 52
6.96875pt>
File: content/figures/rate30_dev_nl_as-eps-converted-to.pdf Graphic file (type 
pdf)
<use content/figures/rate30_dev_nl_as-eps-converted-to.pdf>
Package pdftex.def Info: content/figures/rate30_dev_nl_as-eps-converted-to.pdf 
 used on input line 9.
(pdftex.def)             Requested size: 361.34999pt x 281.0611pt.
Package epstopdf Info: Source file: <content/figures/rate60_dev_nl_as.eps>
(epstopdf)                    date: 2018-10-24 13:22:00
(epstopdf)                    size: 10214 bytes
(epstopdf)             Output file: <content/figures/rate60_dev_nl_as-eps-conve
rted-to.pdf>
(epstopdf)                    date: 2019-12-21 20:17:45
(epstopdf)                    size: 10755 bytes
(epstopdf)             Command: <repstopdf --outfile=content/figures/rate60_dev
_nl_as-eps-converted-to.pdf content/figures/rate60_dev_nl_as.eps>
(epstopdf)             \includegraphics on input line 16.
Package epstopdf Info: Output file is already uptodate.
<content/figures/rate60_dev_nl_as-eps-converted-to.pdf, id=46, 677.53125pt x 52
6.96875pt>
File: content/figures/rate60_dev_nl_as-eps-converted-to.pdf Graphic file (type 
pdf)
<use content/figures/rate60_dev_nl_as-eps-converted-to.pdf>
Package pdftex.def Info: content/figures/rate60_dev_nl_as-eps-converted-to.pdf 
 used on input line 16.
(pdftex.def)             Requested size: 361.34999pt x 281.0611pt.
Package epstopdf Info: Source file: <content/figures/pd_dev_nl_as.eps>
(epstopdf)                    date: 2018-10-24 13:23:37
(epstopdf)                    size: 10511 bytes
(epstopdf)             Output file: <content/figures/pd_dev_nl_as-eps-converted
-to.pdf>
(epstopdf)                    date: 2019-12-21 20:17:45
(epstopdf)                    size: 11109 bytes
(epstopdf)             Command: <repstopdf --outfile=content/figures/pd_dev_nl_
as-eps-converted-to.pdf content/figures/pd_dev_nl_as.eps>
(epstopdf)             \includegraphics on input line 23.
Package epstopdf Info: Output file is already uptodate.
<content/figures/pd_dev_nl_as-eps-converted-to.pdf, id=48, 677.53125pt x 526.96
875pt>
File: content/figures/pd_dev_nl_as-eps-converted-to.pdf Graphic file (type pdf)

<use content/figures/pd_dev_nl_as-eps-converted-to.pdf>
Package pdftex.def Info: content/figures/pd_dev_nl_as-eps-converted-to.pdf  use
d on input line 23.
(pdftex.def)             Requested size: 361.34999pt x 281.0611pt.
Package epstopdf Info: Source file: <content/figures/rate30_dev_nl_mer.eps>
(epstopdf)                    date: 2018-10-16 15:20:22
(epstopdf)                    size: 19187 bytes
(epstopdf)             Output file: <content/figures/rate30_dev_nl_mer-eps-conv
erted-to.pdf>
(epstopdf)                    date: 2019-12-21 20:17:45
(epstopdf)                    size: 12814 bytes
(epstopdf)             Command: <repstopdf --outfile=content/figures/rate30_dev
_nl_mer-eps-converted-to.pdf content/figures/rate30_dev_nl_mer.eps>
(epstopdf)             \includegraphics on input line 62.
Package epstopdf Info: Output file is already uptodate.
<content/figures/rate30_dev_nl_mer-eps-converted-to.pdf, id=50, 677.53125pt x 5
26.96875pt>
File: content/figures/rate30_dev_nl_mer-eps-converted-to.pdf Graphic file (type
 pdf)
<use content/figures/rate30_dev_nl_mer-eps-converted-to.pdf>
Package pdftex.def Info: content/figures/rate30_dev_nl_mer-eps-converted-to.pdf
  used on input line 62.
(pdftex.def)             Requested size: 361.34999pt x 281.0611pt.
Package epstopdf Info: Source file: <content/figures/rate60_dev_nl_mer.eps>
(epstopdf)                    date: 2018-10-16 15:31:44
(epstopdf)                    size: 19014 bytes
(epstopdf)             Output file: <content/figures/rate60_dev_nl_mer-eps-conv
erted-to.pdf>
(epstopdf)                    date: 2019-12-21 20:17:46
(epstopdf)                    size: 12626 bytes
(epstopdf)             Command: <repstopdf --outfile=content/figures/rate60_dev
_nl_mer-eps-converted-to.pdf content/figures/rate60_dev_nl_mer.eps>
(epstopdf)             \includegraphics on input line 69.
Package epstopdf Info: Output file is already uptodate.
<content/figures/rate60_dev_nl_mer-eps-converted-to.pdf, id=52, 677.53125pt x 5
26.96875pt>
File: content/figures/rate60_dev_nl_mer-eps-converted-to.pdf Graphic file (type
 pdf)
<use content/figures/rate60_dev_nl_mer-eps-converted-to.pdf>
Package pdftex.def Info: content/figures/rate60_dev_nl_mer-eps-converted-to.pdf
  used on input line 69.
(pdftex.def)             Requested size: 361.34999pt x 281.0611pt.
Package epstopdf Info: Source file: <content/figures/rate90_dev_nl_mer.eps>
(epstopdf)                    date: 2018-10-16 15:42:49
(epstopdf)                    size: 17375 bytes
(epstopdf)             Output file: <content/figures/rate90_dev_nl_mer-eps-conv
erted-to.pdf>
(epstopdf)                    date: 2019-12-21 20:17:46
(epstopdf)                    size: 12265 bytes
(epstopdf)             Command: <repstopdf --outfile=content/figures/rate90_dev
_nl_mer-eps-converted-to.pdf content/figures/rate90_dev_nl_mer.eps>
(epstopdf)             \includegraphics on input line 76.
Package epstopdf Info: Output file is already uptodate.
<content/figures/rate90_dev_nl_mer-eps-converted-to.pdf, id=54, 677.53125pt x 5
26.96875pt>
File: content/figures/rate90_dev_nl_mer-eps-converted-to.pdf Graphic file (type
 pdf)
<use content/figures/rate90_dev_nl_mer-eps-converted-to.pdf>
Package pdftex.def Info: content/figures/rate90_dev_nl_mer-eps-converted-to.pdf
  used on input line 76.
(pdftex.def)             Requested size: 361.34999pt x 281.0611pt.
Package epstopdf Info: Source file: <content/figures/pd_dev_nl_mer.eps>
(epstopdf)                    date: 2018-10-16 15:44:28
(epstopdf)                    size: 19416 bytes
(epstopdf)             Output file: <content/figures/pd_dev_nl_mer-eps-converte
d-to.pdf>
(epstopdf)                    date: 2019-12-21 20:17:47
(epstopdf)                    size: 13202 bytes
(epstopdf)             Command: <repstopdf --outfile=content/figures/pd_dev_nl_
mer-eps-converted-to.pdf content/figures/pd_dev_nl_mer.eps>
(epstopdf)             \includegraphics on input line 83.
Package epstopdf Info: Output file is already uptodate.
<content/figures/pd_dev_nl_mer-eps-converted-to.pdf, id=56, 677.53125pt x 526.9
6875pt>
File: content/figures/pd_dev_nl_mer-eps-converted-to.pdf Graphic file (type pdf
)
<use content/figures/pd_dev_nl_mer-eps-converted-to.pdf>
Package pdftex.def Info: content/figures/pd_dev_nl_mer-eps-converted-to.pdf  us
ed on input line 83.
(pdftex.def)             Requested size: 361.34999pt x 281.0611pt.
Package epstopdf Info: Source file: <content/figures/score_dev_nl.eps>
(epstopdf)                    date: 2018-10-16 16:18:19
(epstopdf)                    size: 11290 bytes
(epstopdf)             Output file: <content/figures/score_dev_nl-eps-converted
-to.pdf>
(epstopdf)                    date: 2019-12-21 20:17:47
(epstopdf)                    size: 11328 bytes
(epstopdf)             Command: <repstopdf --outfile=content/figures/score_dev_
nl-eps-converted-to.pdf content/figures/score_dev_nl.eps>
(epstopdf)             \includegraphics on input line 94.
Package epstopdf Info: Output file is already uptodate.
<content/figures/score_dev_nl-eps-converted-to.pdf, id=58, 677.53125pt x 526.96
875pt>
File: content/figures/score_dev_nl-eps-converted-to.pdf Graphic file (type pdf)

<use content/figures/score_dev_nl-eps-converted-to.pdf>
Package pdftex.def Info: content/figures/score_dev_nl-eps-converted-to.pdf  use
d on input line 94.
(pdftex.def)             Requested size: 361.34999pt x 281.0611pt.
Package epstopdf Info: Source file: <content/figures/score_dev_nl_ret.eps>
(epstopdf)                    date: 2018-10-16 16:25:27
(epstopdf)                    size: 11325 bytes
(epstopdf)             Output file: <content/figures/score_dev_nl_ret-eps-conve
rted-to.pdf>
(epstopdf)                    date: 2019-12-21 20:17:47
(epstopdf)                    size: 11658 bytes
(epstopdf)             Command: <repstopdf --outfile=content/figures/score_dev_
nl_ret-eps-converted-to.pdf content/figures/score_dev_nl_ret.eps>
(epstopdf)             \includegraphics on input line 101.
Package epstopdf Info: Output file is already uptodate.
<content/figures/score_dev_nl_ret-eps-converted-to.pdf, id=60, 677.53125pt x 52
6.96875pt>
File: content/figures/score_dev_nl_ret-eps-converted-to.pdf Graphic file (type 
pdf)
<use content/figures/score_dev_nl_ret-eps-converted-to.pdf>
Package pdftex.def Info: content/figures/score_dev_nl_ret-eps-converted-to.pdf 
 used on input line 101.
(pdftex.def)             Requested size: 361.34999pt x 281.0611pt.
Package epstopdf Info: Source file: <content/figures/score_dev_nl_new.eps>
(epstopdf)                    date: 2018-10-16 16:24:06
(epstopdf)                    size: 11316 bytes
(epstopdf)             Output file: <content/figures/score_dev_nl_new-eps-conve
rted-to.pdf>
(epstopdf)                    date: 2019-12-21 20:17:48
(epstopdf)                    size: 11509 bytes
(epstopdf)             Command: <repstopdf --outfile=content/figures/score_dev_
nl_new-eps-converted-to.pdf content/figures/score_dev_nl_new.eps>
(epstopdf)             \includegraphics on input line 108.
Package epstopdf Info: Output file is already uptodate.
<content/figures/score_dev_nl_new-eps-converted-to.pdf, id=62, 677.53125pt x 52
6.96875pt>
File: content/figures/score_dev_nl_new-eps-converted-to.pdf Graphic file (type 
pdf)
<use content/figures/score_dev_nl_new-eps-converted-to.pdf>
Package pdftex.def Info: content/figures/score_dev_nl_new-eps-converted-to.pdf 
 used on input line 108.
(pdftex.def)             Requested size: 361.34999pt x 281.0611pt.
Package epstopdf Info: Source file: <content/figures/rate60_dev_nl_hp.eps>
(epstopdf)                    date: 2018-10-17 15:47:52
(epstopdf)                    size: 8902 bytes
(epstopdf)             Output file: <content/figures/rate60_dev_nl_hp-eps-conve
rted-to.pdf>
(epstopdf)                    date: 2019-12-21 20:17:48
(epstopdf)                    size: 10422 bytes
(epstopdf)             Command: <repstopdf --outfile=content/figures/rate60_dev
_nl_hp-eps-converted-to.pdf content/figures/rate60_dev_nl_hp.eps>
(epstopdf)             \includegraphics on input line 119.
Package epstopdf Info: Output file is already uptodate.
<content/figures/rate60_dev_nl_hp-eps-converted-to.pdf, id=64, 677.53125pt x 52
6.96875pt>
File: content/figures/rate60_dev_nl_hp-eps-converted-to.pdf Graphic file (type 
pdf)
<use content/figures/rate60_dev_nl_hp-eps-converted-to.pdf>
Package pdftex.def Info: content/figures/rate60_dev_nl_hp-eps-converted-to.pdf 
 used on input line 119.
(pdftex.def)             Requested size: 361.34999pt x 281.0611pt.
Package epstopdf Info: Source file: <content/figures/rate60_dev_nl_aovbin.eps>
(epstopdf)                    date: 2018-10-17 16:10:08
(epstopdf)                    size: 12843 bytes
(epstopdf)             Output file: <content/figures/rate60_dev_nl_aovbin-eps-c
onverted-to.pdf>
(epstopdf)                    date: 2019-12-21 20:17:48
(epstopdf)                    size: 11527 bytes
(epstopdf)             Command: <repstopdf --outfile=content/figures/rate60_dev
_nl_aovbin-eps-converted-to.pdf content/figures/rate60_dev_nl_aovbin.eps>
(epstopdf)             \includegraphics on input line 130.
Package epstopdf Info: Output file is already uptodate.
<content/figures/rate60_dev_nl_aovbin-eps-converted-to.pdf, id=66, 677.53125pt 
x 526.96875pt>
File: content/figures/rate60_dev_nl_aovbin-eps-converted-to.pdf Graphic file (t
ype pdf)
<use content/figures/rate60_dev_nl_aovbin-eps-converted-to.pdf>
Package pdftex.def Info: content/figures/rate60_dev_nl_aovbin-eps-converted-to.
pdf  used on input line 130.
(pdftex.def)             Requested size: 361.34999pt x 281.0611pt.
Package epstopdf Info: Source file: <content/figures/pd_dev_nl_aovbin.eps>
(epstopdf)                    date: 2018-10-17 16:11:14
(epstopdf)                    size: 13903 bytes
(epstopdf)             Output file: <content/figures/pd_dev_nl_aovbin-eps-conve
rted-to.pdf>
(epstopdf)                    date: 2019-12-21 20:17:49
(epstopdf)                    size: 11887 bytes
(epstopdf)             Command: <repstopdf --outfile=content/figures/pd_dev_nl_
aovbin-eps-converted-to.pdf content/figures/pd_dev_nl_aovbin.eps>
(epstopdf)             \includegraphics on input line 137.
Package epstopdf Info: Output file is already uptodate.
<content/figures/pd_dev_nl_aovbin-eps-converted-to.pdf, id=68, 677.53125pt x 52
6.96875pt>
File: content/figures/pd_dev_nl_aovbin-eps-converted-to.pdf Graphic file (type 
pdf)
<use content/figures/pd_dev_nl_aovbin-eps-converted-to.pdf>
Package pdftex.def Info: content/figures/pd_dev_nl_aovbin-eps-converted-to.pdf 
 used on input line 137.
(pdftex.def)             Requested size: 361.34999pt x 281.0611pt.
Package epstopdf Info: Source file: <content/figures/unp90pd_dev_nl.eps>
(epstopdf)                    date: 2018-10-18 14:07:28
(epstopdf)                    size: 7706 bytes
(epstopdf)             Output file: <content/figures/unp90pd_dev_nl-eps-convert
ed-to.pdf>
(epstopdf)                    date: 2019-12-21 20:17:49
(epstopdf)                    size: 9930 bytes
(epstopdf)             Command: <repstopdf --outfile=content/figures/unp90pd_de
v_nl-eps-converted-to.pdf content/figures/unp90pd_dev_nl.eps>
(epstopdf)             \includegraphics on input line 149.
Package epstopdf Info: Output file is already uptodate.
<content/figures/unp90pd_dev_nl-eps-converted-to.pdf, id=70, 677.53125pt x 526.
96875pt>
File: content/figures/unp90pd_dev_nl-eps-converted-to.pdf Graphic file (type pd
f)
<use content/figures/unp90pd_dev_nl-eps-converted-to.pdf>
Package pdftex.def Info: content/figures/unp90pd_dev_nl-eps-converted-to.pdf  u
sed on input line 149.
(pdftex.def)             Requested size: 361.34999pt x 281.0611pt.
Package epstopdf Info: Source file: <content/figures/unp90pd_dev_nl_as.eps>
(epstopdf)                    date: 2018-10-24 13:30:08
(epstopdf)                    size: 9592 bytes
(epstopdf)             Output file: <content/figures/unp90pd_dev_nl_as-eps-conv
erted-to.pdf>
(epstopdf)                    date: 2019-12-21 20:17:50
(epstopdf)                    size: 10664 bytes
(epstopdf)             Command: <repstopdf --outfile=content/figures/unp90pd_de
v_nl_as-eps-converted-to.pdf content/figures/unp90pd_dev_nl_as.eps>
(epstopdf)             \includegraphics on input line 156.
Package epstopdf Info: Output file is already uptodate.
<content/figures/unp90pd_dev_nl_as-eps-converted-to.pdf, id=72, 677.53125pt x 5
26.96875pt>
File: content/figures/unp90pd_dev_nl_as-eps-converted-to.pdf Graphic file (type
 pdf)
<use content/figures/unp90pd_dev_nl_as-eps-converted-to.pdf>
Package pdftex.def Info: content/figures/unp90pd_dev_nl_as-eps-converted-to.pdf
  used on input line 156.
(pdftex.def)             Requested size: 361.34999pt x 281.0611pt.
Package epstopdf Info: Source file: <content/figures/scdist_dev_informdata.eps>

(epstopdf)                    date: 2018-10-31 16:51:00
(epstopdf)                    size: 10421 bytes
(epstopdf)             Output file: <content/figures/scdist_dev_informdata-eps-
converted-to.pdf>
(epstopdf)                    date: 2019-12-21 20:17:50
(epstopdf)                    size: 11233 bytes
(epstopdf)             Command: <repstopdf --outfile=content/figures/scdist_dev
_informdata-eps-converted-to.pdf content/figures/scdist_dev_informdata.eps>
(epstopdf)             \includegraphics on input line 168.
Package epstopdf Info: Output file is already uptodate.
<content/figures/scdist_dev_informdata-eps-converted-to.pdf, id=74, 677.53125pt
 x 526.96875pt>
File: content/figures/scdist_dev_informdata-eps-converted-to.pdf Graphic file (
type pdf)
<use content/figures/scdist_dev_informdata-eps-converted-to.pdf>
Package pdftex.def Info: content/figures/scdist_dev_informdata-eps-converted-to
.pdf  used on input line 168.
(pdftex.def)             Requested size: 361.34999pt x 281.0611pt.
Package epstopdf Info: Source file: <content/figures/scdist_dev_ecommerce_infor
mdata.eps>
(epstopdf)                    date: 2018-10-31 16:51:25
(epstopdf)                    size: 10435 bytes
(epstopdf)             Output file: <content/figures/scdist_dev_ecommerce_infor
mdata-eps-converted-to.pdf>
(epstopdf)                    date: 2019-12-21 20:17:50
(epstopdf)                    size: 11290 bytes
(epstopdf)             Command: <repstopdf --outfile=content/figures/scdist_dev
_ecommerce_informdata-eps-converted-to.pdf content/figures/scdist_dev_ecommerce
_informdata.eps>
(epstopdf)             \includegraphics on input line 175.
Package epstopdf Info: Output file is already uptodate.
<content/figures/scdist_dev_ecommerce_informdata-eps-converted-to.pdf, id=76, 6
77.53125pt x 526.96875pt>
File: content/figures/scdist_dev_ecommerce_informdata-eps-converted-to.pdf Grap
hic file (type pdf)
<use content/figures/scdist_dev_ecommerce_informdata-eps-converted-to.pdf>
Package pdftex.def Info: content/figures/scdist_dev_ecommerce_informdata-eps-co
nverted-to.pdf  used on input line 175.
(pdftex.def)             Requested size: 361.34999pt x 281.0611pt.
)) [1


 <./content/figures/rate30_dev_nl_as-eps-converted-to.pdf>]
Package atveryend Info: Empty hook `BeforeClearDocument' on input line 35.


Package Fancyhdr Warning: \headheight is too small (12.0pt): 
 Make it at least 14.49998pt.
 We now make it that large for the rest of the document.
 This may cause the page layout to be inconsistent, however.

[2 <./content/figures/rate60_dev_nl_as-eps-converted-to.pdf> <./content/figures
/pd_dev_nl_as-eps-converted-to.pdf>]

Package Fancyhdr Warning: \headheight is too small (12.0pt): 
 Make it at least 14.49998pt.
 We now make it that large for the rest of the document.
 This may cause the page layout to be inconsistent, however.

[3 <./content/figures/rate30_dev_nl_mer-eps-converted-to.pdf> <./content/figure
s/rate60_dev_nl_mer-eps-converted-to.pdf>]

Package Fancyhdr Warning: \headheight is too small (12.0pt): 
 Make it at least 14.49998pt.
 We now make it that large for the rest of the document.
 This may cause the page layout to be inconsistent, however.

[4 <./content/figures/rate90_dev_nl_mer-eps-converted-to.pdf> <./content/figure
s/pd_dev_nl_mer-eps-converted-to.pdf>]

Package Fancyhdr Warning: \headheight is too small (12.0pt): 
 Make it at least 14.49998pt.
 We now make it that large for the rest of the document.
 This may cause the page layout to be inconsistent, however.

[5 <./content/figures/score_dev_nl-eps-converted-to.pdf> <./content/figures/sco
re_dev_nl_ret-eps-converted-to.pdf>]

Package Fancyhdr Warning: \headheight is too small (12.0pt): 
 Make it at least 14.49998pt.
 We now make it that large for the rest of the document.
 This may cause the page layout to be inconsistent, however.

[6 <./content/figures/score_dev_nl_new-eps-converted-to.pdf> <./content/figures
/rate60_dev_nl_hp-eps-converted-to.pdf>]

Package Fancyhdr Warning: \headheight is too small (12.0pt): 
 Make it at least 14.49998pt.
 We now make it that large for the rest of the document.
 This may cause the page layout to be inconsistent, however.

[7 <./content/figures/rate60_dev_nl_aovbin-eps-converted-to.pdf> <./content/fig
ures/pd_dev_nl_aovbin-eps-converted-to.pdf>]

Package Fancyhdr Warning: \headheight is too small (12.0pt): 
 Make it at least 14.49998pt.
 We now make it that large for the rest of the document.
 This may cause the page layout to be inconsistent, however.

[8 <./content/figures/unp90pd_dev_nl-eps-converted-to.pdf> <./content/figures/u
np90pd_dev_nl_as-eps-converted-to.pdf>]

Package Fancyhdr Warning: \headheight is too small (12.0pt): 
 Make it at least 14.49998pt.
 We now make it that large for the rest of the document.
 This may cause the page layout to be inconsistent, however.

[9 <./content/figures/scdist_dev_informdata-eps-converted-to.pdf> <./content/fi
gures/scdist_dev_ecommerce_informdata-eps-converted-to.pdf>]
Package atveryend Info: Empty hook `AfterLastShipout' on input line 35.
 (./main.aux)
Package atveryend Info: Executing hook `AtVeryEndDocument' on input line 35.
Package atveryend Info: Executing hook `AtEndAfterFileList' on input line 35.
Package rerunfilecheck Info: File `main.out' has not changed.
(rerunfilecheck)             Checksum: 39011A71207AB321B9C39E8ADA011B42;98.
 ) 
Here is how much of TeX's memory you used:
 32654 strings out of 492649
 616541 string characters out of 6129621
 801883 words of memory out of 5000000
 35795 multiletter control sequences out of 15000+600000
 55776 words of font info for 53 fonts, out of 8000000 for 9000
 1141 hyphenation exceptions out of 8191
 64i,12n,96p,2024b,426s stack positions out of 5000i,500n,10000p,200000b,80000s
{/usr/local/texlive/2018/texmf-dist/fonts/enc/dvips/lm/lm-ec.enc}{/usr/local/
texlive/2018/texmf-dist/fonts/enc/dvips/lm/lm-mathex.enc}{/usr/local/texlive/20
18/texmf-dist/fonts/enc/dvips/lm/lm-mathsy.enc}{/usr/local/texlive/2018/texmf-d
ist/fonts/enc/dvips/lm/lm-mathit.enc}{/usr/local/texlive/2018/texmf-dist/fonts/
enc/dvips/lm/lm-rm.enc}</usr/local/texlive/2018/texmf-dist/fonts/type1/public/l
m/lmbx12.pfb></usr/local/texlive/2018/texmf-dist/fonts/type1/public/lm/lmex10.p
fb></usr/local/texlive/2018/texmf-dist/fonts/type1/public/lm/lmmi12.pfb></usr/l
ocal/texlive/2018/texmf-dist/fonts/type1/public/lm/lmmi8.pfb></usr/local/texliv
e/2018/texmf-dist/fonts/type1/public/lm/lmr10.pfb></usr/local/texlive/2018/texm
f-dist/fonts/type1/public/lm/lmr12.pfb></usr/local/texlive/2018/texmf-dist/font
s/type1/public/lm/lmr17.pfb></usr/local/texlive/2018/texmf-dist/fonts/type1/pub
lic/lm/lmr8.pfb></usr/local/texlive/2018/texmf-dist/fonts/type1/public/lm/lmsy1
0.pfb>
Output written on main.pdf (13 pages, 314441 bytes).
PDF statistics:
 326 PDF objects out of 1000 (max. 8388607)
 231 compressed objects within 3 object streams
 34 named destinations out of 1000 (max. 500000)
 216 words of extra memory for PDF output out of 10000 (max. 10000000)

